<?xml version="1.0" encoding="utf-8"?>
<test-run id="2" testcasecount="135" result="Failed(Child)" total="135" passed="134" failed="1" inconclusive="0" skipped="0" asserts="0" engine-version="3.5.0.0" clr-version="4.0.30319.42000" start-time="2026-09-13 13:35:45Z" end-time="2026-09-13 13:35:52Z" duration="6.8832583">
  <test-suite type="TestSuite" id="1168" name="MergeWater" fullname="MergeWater" runstate="Runnable" testcasecount="135" result="Failed" site="Child" start-time="2026-09-13 13:35:45Z" end-time="2026-09-13 13:35:52Z" duration="6.883258" total="135" passed="134" failed="1" inconclusive="0" skipped="0" asserts="0">
    <properties />
    <failure>
      <message><![CDATA[One or more child tests had errors]]></message>
    </failure>
    <test-suite type="Assembly" id="1328" name="MergeWater.Tests.EditMode.dll" fullname="E:/Unity/Projects/DemoProjects/MergeWater/Library/ScriptAssemblies/MergeWater.Tests.EditMode.dll" runstate="Runnable" testcasecount="135" result="Failed" site="Child" start-time="2026-09-13 13:35:45Z" end-time="2026-09-13 13:35:52Z" duration="6.867181" total="135" passed="134" failed="1" inconclusive="0" skipped="0" asserts="0">
      <properties>
        <property name="_PID" value="63640" />
        <property name="_APPDOMAIN" value="Unity Child Domain" />
        <property name="platform" value="EditMode" />
      </properties>
      <failure>
        <message><![CDATA[One or more child tests had errors]]></message>
      </failure>
      <test-suite type="TestSuite" id="1329" name="MergeWater" fullname="MergeWater" runstate="Runnable" testcasecount="135" result="Failed" site="Child" start-time="2026-09-13 13:35:45Z" end-time="2026-09-13 13:35:52Z" duration="6.864451" total="135" passed="134" failed="1" inconclusive="0" skipped="0" asserts="0">
        <properties />
        <failure>
          <message><![CDATA[One or more child tests had errors]]></message>
        </failure>
        <test-suite type="TestSuite" id="1330" name="Tests" fullname="MergeWater.Tests" runstate="Runnable" testcasecount="135" result="Failed" site="Child" start-time="2026-09-13 13:35:45Z" end-time="2026-09-13 13:35:52Z" duration="6.862672" total="135" passed="134" failed="1" inconclusive="0" skipped="0" asserts="0">
          <properties />
          <failure>
            <message><![CDATA[One or more child tests had errors]]></message>
          </failure>
          <test-suite type="TestSuite" id="1331" name="EditMode" fullname="MergeWater.Tests.EditMode" runstate="Runnable" testcasecount="135" result="Failed" site="Child" start-time="2026-09-13 13:35:45Z" end-time="2026-09-13 13:35:52Z" duration="6.860346" total="135" passed="134" failed="1" inconclusive="0" skipped="0" asserts="0">
            <properties />
            <failure>
              <message><![CDATA[One or more child tests had errors]]></message>
            </failure>
            <test-suite type="TestFixture" id="1171" name="AimSolverTests" fullname="MergeWater.Tests.EditMode.AimSolverTests" classname="MergeWater.Tests.EditMode.AimSolverTests" runstate="Runnable" testcasecount="8" result="Passed" start-time="2026-09-13 13:35:45Z" end-time="2026-09-13 13:35:45Z" duration="0.062627" total="8" passed="8" failed="0" inconclusive="0" skipped="0" asserts="0">
              <properties />
              <test-case id="1172" name="ClampX_KeepsDropInsideBoundsAccountingForRadius" fullname="MergeWater.Tests.EditMode.AimSolverTests.ClampX_KeepsDropInsideBoundsAccountingForRadius" methodname="ClampX_KeepsDropInsideBoundsAccountingForRadius" classname="MergeWater.Tests.EditMode.AimSolverTests" runstate="Runnable" seed="1435512098" result="Passed" start-time="2026-09-13 13:35:45Z" end-time="2026-09-13 13:35:45Z" duration="0.016247" asserts="0">
                <properties />
              </test-case>
              <test-case id="1173" name="ClampX_WhenBoundsInvert_ReturnsMidpoint" fullname="MergeWater.Tests.EditMode.AimSolverTests.ClampX_WhenBoundsInvert_ReturnsMidpoint" methodname="ClampX_WhenBoundsInvert_ReturnsMidpoint" classname="MergeWater.Tests.EditMode.AimSolverTests" runstate="Runnable" seed="1084439616" result="Passed" start-time="2026-09-13 13:35:45Z" end-time="2026-09-13 13:35:45Z" duration="0.001055" asserts="0">
                <properties />
              </test-case>
              <test-case id="1174" name="ClampX_WithoutRadius_MatchesRawBounds" fullname="MergeWater.Tests.EditMode.AimSolverTests.ClampX_WithoutRadius_MatchesRawBounds" methodname="ClampX_WithoutRadius_MatchesRawBounds" classname="MergeWater.Tests.EditMode.AimSolverTests" runstate="Runnable" seed="120775901" result="Passed" start-time="2026-09-13 13:35:45Z" end-time="2026-09-13 13:35:45Z" duration="0.000606" asserts="0">
                <properties />
              </test-case>
              <test-case id="1175" name="NormalizeX_IsWithinZeroToOne" fullname="MergeWater.Tests.EditMode.AimSolverTests.NormalizeX_IsWithinZeroToOne" methodname="NormalizeX_IsWithinZeroToOne" classname="MergeWater.Tests.EditMode.AimSolverTests" runstate="Runnable" seed="984677131" result="Passed" start-time="2026-09-13 13:35:45Z" end-time="2026-09-13 13:35:45Z" duration="0.001111" asserts="0">
                <properties />
              </test-case>
              <test-case id="1176" name="SampleTrajectory_ReturnsOrderedPoints_AndRespectsMaxTime" fullname="MergeWater.Tests.EditMode.AimSolverTests.SampleTrajectory_ReturnsOrderedPoints_AndRespectsMaxTime" methodname="SampleTrajectory_ReturnsOrderedPoints_AndRespectsMaxTime" classname="MergeWater.Tests.EditMode.AimSolverTests" runstate="Runnable" seed="1206987688" result="Passed" start-time="2026-09-13 13:35:45Z" end-time="2026-09-13 13:35:45Z" duration="0.009688" asserts="0">
                <properties />
              </test-case>
              <test-case id="1178" name="SampleTrajectory_WithInitialHorizontalVelocity_ProducesParabola" fullname="MergeWater.Tests.EditMode.AimSolverTests.SampleTrajectory_WithInitialHorizontalVelocity_ProducesParabola" methodname="SampleTrajectory_WithInitialHorizontalVelocity_ProducesParabola" classname="MergeWater.Tests.EditMode.AimSolverTests" runstate="Runnable" seed="2129662763" result="Passed" start-time="2026-09-13 13:35:45Z" end-time="2026-09-13 13:35:45Z" duration="0.000686" asserts="0">
                <properties />
              </test-case>
              <test-case id="1179" name="SampleTrajectory_WithNullOutput_ReturnsZero" fullname="MergeWater.Tests.EditMode.AimSolverTests.SampleTrajectory_WithNullOutput_ReturnsZero" methodname="SampleTrajectory_WithNullOutput_ReturnsZero" classname="MergeWater.Tests.EditMode.AimSolverTests" runstate="Runnable" seed="1232405216" result="Passed" start-time="2026-09-13 13:35:45Z" end-time="2026-09-13 13:35:45Z" duration="0.000364" asserts="0">
                <properties />
              </test-case>
              <test-case id="1177" name="SampleTrajectory_WithZeroGravity_ReturnsTwoPoints" fullname="MergeWater.Tests.EditMode.AimSolverTests.SampleTrajectory_WithZeroGravity_ReturnsTwoPoints" methodname="SampleTrajectory_WithZeroGravity_ReturnsTwoPoints" classname="MergeWater.Tests.EditMode.AimSolverTests" runstate="Runnable" seed="953289158" result="Passed" start-time="2026-09-13 13:35:45Z" end-time="2026-09-13 13:35:45Z" duration="0.000759" asserts="0">
                <properties />
              </test-case>
            </test-suite>
            <test-suite type="TestFixture" id="1280" name="BackdropViewTests" fullname="MergeWater.Tests.EditMode.BackdropViewTests" classname="MergeWater.Tests.EditMode.BackdropViewTests" runstate="Runnable" testcasecount="5" result="Passed" start-time="2026-09-13 13:35:45Z" end-time="2026-09-13 13:35:45Z" duration="0.031213" total="5" passed="5" failed="0" inconclusive="0" skipped="0" asserts="0">
              <properties />
              <test-suite type="ParameterizedMethod" id="1284" name="Backdrop_CoversWholeCameraView" fullname="MergeWater.Tests.EditMode.BackdropViewTests.Backdrop_CoversWholeCameraView" classname="MergeWater.Tests.EditMode.BackdropViewTests" runstate="Runnable" testcasecount="3" result="Passed" start-time="2026-09-13 13:35:45Z" end-time="2026-09-13 13:35:45Z" duration="0.020020" total="3" passed="3" failed="0" inconclusive="0" skipped="0" asserts="0">
                <properties />
                <test-case id="1281" name="Backdrop_CoversWholeCameraView_竖屏" fullname="MergeWater.Tests.EditMode.BackdropViewTests.Backdrop_CoversWholeCameraView_竖屏" methodname="Backdrop_CoversWholeCameraView" classname="MergeWater.Tests.EditMode.BackdropViewTests" runstate="Runnable" seed="1264667251" result="Passed" start-time="2026-09-13 13:35:45Z" end-time="2026-09-13 13:35:45Z" duration="0.013776" asserts="0">
                  <properties />
                </test-case>
                <test-case id="1282" name="Backdrop_CoversWholeCameraView_横屏" fullname="MergeWater.Tests.EditMode.BackdropViewTests.Backdrop_CoversWholeCameraView_横屏" methodname="Backdrop_CoversWholeCameraView" classname="MergeWater.Tests.EditMode.BackdropViewTests" runstate="Runnable" seed="1739658689" result="Passed" start-time="2026-09-13 13:35:45Z" end-time="2026-09-13 13:35:45Z" duration="0.001132" asserts="0">
                  <properties />
                </test-case>
                <test-case id="1283" name="Backdrop_CoversWholeCameraView_正方形" fullname="MergeWater.Tests.EditMode.BackdropViewTests.Backdrop_CoversWholeCameraView_正方形" methodname="Backdrop_CoversWholeCameraView" classname="MergeWater.Tests.EditMode.BackdropViewTests" runstate="Runnable" seed="1319909440" result="Passed" start-time="2026-09-13 13:35:45Z" end-time="2026-09-13 13:35:45Z" duration="0.001239" asserts="0">
                  <properties />
                </test-case>
              </test-suite>
              <test-case id="1285" name="Backdrop_RefitsWhenCameraAspectChanges" fullname="MergeWater.Tests.EditMode.BackdropViewTests.Backdrop_RefitsWhenCameraAspectChanges" methodname="Backdrop_RefitsWhenCameraAspectChanges" classname="MergeWater.Tests.EditMode.BackdropViewTests" runstate="Runnable" seed="1435202859" result="Passed" start-time="2026-09-13 13:35:45Z" end-time="2026-09-13 13:35:45Z" duration="0.002229" asserts="0">
                <properties />
              </test-case>
              <test-case id="1286" name="Backdrop_WithoutSprite_DoesNotThrow" fullname="MergeWater.Tests.EditMode.BackdropViewTests.Backdrop_WithoutSprite_DoesNotThrow" methodname="Backdrop_WithoutSprite_DoesNotThrow" classname="MergeWater.Tests.EditMode.BackdropViewTests" runstate="Runnable" seed="804004711" result="Passed" start-time="2026-09-13 13:35:45Z" end-time="2026-09-13 13:35:45Z" duration="0.003607" asserts="0">
                <properties />
              </test-case>
            </test-suite>
            <test-suite type="TestFixture" id="1287" name="ComboPitchTests" fullname="MergeWater.Tests.EditMode.ComboPitchTests" classname="MergeWater.Tests.EditMode.ComboPitchTests" runstate="Runnable" testcasecount="3" result="Passed" start-time="2026-09-13 13:35:45Z" end-time="2026-09-13 13:35:45Z" duration="0.013465" total="3" passed="3" failed="0" inconclusive="0" skipped="0" asserts="0">
              <properties />
              <test-case id="1288" name="ComboPitch_AddsSemitonePerCombo_CappedAtOneOctave" fullname="MergeWater.Tests.EditMode.ComboPitchTests.ComboPitch_AddsSemitonePerCombo_CappedAtOneOctave" methodname="ComboPitch_AddsSemitonePerCombo_CappedAtOneOctave" classname="MergeWater.Tests.EditMode.ComboPitchTests" runstate="Runnable" seed="1274498813" result="Passed" start-time="2026-09-13 13:35:45Z" end-time="2026-09-13 13:35:45Z" duration="0.001246" asserts="0">
                <properties />
              </test-case>
              <test-case id="1289" name="HitStopSeconds_GrowsWithCombo_AndStaysWithinV223Range" fullname="MergeWater.Tests.EditMode.ComboPitchTests.HitStopSeconds_GrowsWithCombo_AndStaysWithinV223Range" methodname="HitStopSeconds_GrowsWithCombo_AndStaysWithinV223Range" classname="MergeWater.Tests.EditMode.ComboPitchTests" runstate="Runnable" seed="911759579" result="Passed" start-time="2026-09-13 13:35:45Z" end-time="2026-09-13 13:35:45Z" duration="0.003329" asserts="0">
                <properties />
              </test-case>
              <test-case id="1290" name="ShakeTier_IsThreeLevels" fullname="MergeWater.Tests.EditMode.ComboPitchTests.ShakeTier_IsThreeLevels" methodname="ShakeTier_IsThreeLevels" classname="MergeWater.Tests.EditMode.ComboPitchTests" runstate="Runnable" seed="878698212" result="Passed" start-time="2026-09-13 13:35:45Z" end-time="2026-09-13 13:35:45Z" duration="0.000927" asserts="0">
                <properties />
              </test-case>
            </test-suite>
            <test-suite type="TestFixture" id="1204" name="ComboTrackerTests" fullname="MergeWater.Tests.EditMode.ComboTrackerTests" classname="MergeWater.Tests.EditMode.ComboTrackerTests" runstate="Runnable" testcasecount="6" result="Passed" start-time="2026-09-13 13:35:45Z" end-time="2026-09-13 13:35:45Z" duration="0.018287" total="6" passed="6" failed="0" inconclusive="0" skipped="0" asserts="0">
              <properties />
              <test-case id="1206" name="Advance_BeyondWindow_ResetsCombo" fullname="MergeWater.Tests.EditMode.ComboTrackerTests.Advance_BeyondWindow_ResetsCombo" methodname="Advance_BeyondWindow_ResetsCombo" classname="MergeWater.Tests.EditMode.ComboTrackerTests" runstate="Runnable" seed="2039109457" result="Passed" start-time="2026-09-13 13:35:45Z" end-time="2026-09-13 13:35:45Z" duration="0.002051" asserts="0">
                <properties />
              </test-case>
              <test-case id="1207" name="Advance_ExactlyAtWindowBoundary_DoesNotReset" fullname="MergeWater.Tests.EditMode.ComboTrackerTests.Advance_ExactlyAtWindowBoundary_DoesNotReset" methodname="Advance_ExactlyAtWindowBoundary_DoesNotReset" classname="MergeWater.Tests.EditMode.ComboTrackerTests" runstate="Runnable" seed="1957293915" result="Passed" start-time="2026-09-13 13:35:45Z" end-time="2026-09-13 13:35:45Z" duration="0.000807" asserts="0">
                <properties />
              </test-case>
              <test-case id="1209" name="Advance_NonPositiveDelta_IsIgnored" fullname="MergeWater.Tests.EditMode.ComboTrackerTests.Advance_NonPositiveDelta_IsIgnored" methodname="Advance_NonPositiveDelta_IsIgnored" classname="MergeWater.Tests.EditMode.ComboTrackerTests" runstate="Runnable" seed="763802816" result="Passed" start-time="2026-09-13 13:35:45Z" end-time="2026-09-13 13:35:45Z" duration="0.000720" asserts="0">
                <properties />
              </test-case>
              <test-case id="1208" name="RegisterMerge_AfterReset_RestartsFromOne" fullname="MergeWater.Tests.EditMode.ComboTrackerTests.RegisterMerge_AfterReset_RestartsFromOne" methodname="RegisterMerge_AfterReset_RestartsFromOne" classname="MergeWater.Tests.EditMode.ComboTrackerTests" runstate="Runnable" seed="679602652" result="Passed" start-time="2026-09-13 13:35:45Z" end-time="2026-09-13 13:35:45Z" duration="0.000710" asserts="0">
                <properties />
              </test-case>
              <test-case id="1205" name="RegisterMerge_WithinWindow_IncrementsAndCapsMultiplier" fullname="MergeWater.Tests.EditMode.ComboTrackerTests.RegisterMerge_WithinWindow_IncrementsAndCapsMultiplier" methodname="RegisterMerge_WithinWindow_IncrementsAndCapsMultiplier" classname="MergeWater.Tests.EditMode.ComboTrackerTests" runstate="Runnable" seed="1906881572" result="Passed" start-time="2026-09-13 13:35:45Z" end-time="2026-09-13 13:35:45Z" duration="0.001274" asserts="0">
                <properties />
              </test-case>
              <test-case id="1210" name="Reset_ClearsComboAndMultiplier" fullname="MergeWater.Tests.EditMode.ComboTrackerTests.Reset_ClearsComboAndMultiplier" methodname="Reset_ClearsComboAndMultiplier" classname="MergeWater.Tests.EditMode.ComboTrackerTests" runstate="Runnable" seed="921090637" result="Passed" start-time="2026-09-13 13:35:45Z" end-time="2026-09-13 13:35:45Z" duration="0.000402" asserts="0">
                <properties />
              </test-case>
            </test-suite>
            <test-suite type="TestFixture" id="1180" name="ConfigAssetTests" fullname="MergeWater.Tests.EditMode.ConfigAssetTests" classname="MergeWater.Tests.EditMode.ConfigAssetTests" runstate="Runnable" testcasecount="3" result="Passed" start-time="2026-09-13 13:35:45Z" end-time="2026-09-13 13:35:45Z" duration="0.028142" total="3" passed="3" failed="0" inconclusive="0" skipped="0" asserts="0">
              <properties />
              <test-case id="1181" name="GameBalanceAsset_Exists_AndMatchesCodeDefault" fullname="MergeWater.Tests.EditMode.ConfigAssetTests.GameBalanceAsset_Exists_AndMatchesCodeDefault" methodname="GameBalanceAsset_Exists_AndMatchesCodeDefault" classname="MergeWater.Tests.EditMode.ConfigAssetTests" runstate="Runnable" seed="1432470772" result="Passed" start-time="2026-09-13 13:35:45Z" end-time="2026-09-13 13:35:45Z" duration="0.013864" asserts="0">
                <properties />
              </test-case>
              <test-case id="1182" name="MetaSettingsAsset_Exists_WithExpectedDefaults" fullname="MergeWater.Tests.EditMode.ConfigAssetTests.MetaSettingsAsset_Exists_WithExpectedDefaults" methodname="MetaSettingsAsset_Exists_WithExpectedDefaults" classname="MergeWater.Tests.EditMode.ConfigAssetTests" runstate="Runnable" seed="1433392146" result="Passed" start-time="2026-09-13 13:35:45Z" end-time="2026-09-13 13:35:45Z" duration="0.002380" asserts="0">
                <properties />
              </test-case>
              <test-case id="1183" name="PlaceholderArt_ExistsAndImportsAsSprite" fullname="MergeWater.Tests.EditMode.ConfigAssetTests.PlaceholderArt_ExistsAndImportsAsSprite" methodname="PlaceholderArt_ExistsAndImportsAsSprite" classname="MergeWater.Tests.EditMode.ConfigAssetTests" runstate="Runnable" seed="1960648998" result="Passed" start-time="2026-09-13 13:35:45Z" end-time="2026-09-13 13:35:45Z" duration="0.003532" asserts="0">
                <properties />
              </test-case>
            </test-suite>
            <test-suite type="TestFixture" id="1211" name="DropQueueTests" fullname="MergeWater.Tests.EditMode.DropQueueTests" classname="MergeWater.Tests.EditMode.DropQueueTests" runstate="Runnable" testcasecount="6" result="Passed" start-time="2026-09-13 13:35:45Z" end-time="2026-09-13 13:35:45Z" duration="0.064107" total="6" passed="6" failed="0" inconclusive="0" skipped="0" asserts="0">
              <properties />
              <test-case id="1217" name="DifferentSeeds_ProduceDifferentSequences" fullname="MergeWater.Tests.EditMode.DropQueueTests.DifferentSeeds_ProduceDifferentSequences" methodname="DifferentSeeds_ProduceDifferentSequences" classname="MergeWater.Tests.EditMode.DropQueueTests" runstate="Runnable" seed="855329584" result="Passed" start-time="2026-09-13 13:35:45Z" end-time="2026-09-13 13:35:45Z" duration="0.002216" asserts="0">
                <properties />
              </test-case>
              <test-case id="1213" name="Next_AfterTwentyDrops_CanProduceTierThree" fullname="MergeWater.Tests.EditMode.DropQueueTests.Next_AfterTwentyDrops_CanProduceTierThree" methodname="Next_AfterTwentyDrops_CanProduceTierThree" classname="MergeWater.Tests.EditMode.DropQueueTests" runstate="Runnable" seed="827035522" result="Passed" start-time="2026-09-13 13:35:45Z" end-time="2026-09-13 13:35:45Z" duration="0.001062" asserts="0">
                <properties />
              </test-case>
              <test-case id="1214" name="Next_AtSixtyDropsAndBeyond_KeepsSamePool" fullname="MergeWater.Tests.EditMode.DropQueueTests.Next_AtSixtyDropsAndBeyond_KeepsSamePool" methodname="Next_AtSixtyDropsAndBeyond_KeepsSamePool" classname="MergeWater.Tests.EditMode.DropQueueTests" runstate="Runnable" seed="426919656" result="Passed" start-time="2026-09-13 13:35:45Z" end-time="2026-09-13 13:35:45Z" duration="0.019375" asserts="0">
                <properties />
              </test-case>
              <test-case id="1212" name="Next_FirstTwentyDrops_OnlyTierOneOrTwo" fullname="MergeWater.Tests.EditMode.DropQueueTests.Next_FirstTwentyDrops_OnlyTierOneOrTwo" methodname="Next_FirstTwentyDrops_OnlyTierOneOrTwo" classname="MergeWater.Tests.EditMode.DropQueueTests" runstate="Runnable" seed="1583799173" result="Passed" start-time="2026-09-13 13:35:45Z" end-time="2026-09-13 13:35:45Z" duration="0.006356" asserts="0">
                <properties />
              </test-case>
              <test-case id="1215" name="Next_WeightDistribution_MatchesV1WithinTolerance" fullname="MergeWater.Tests.EditMode.DropQueueTests.Next_WeightDistribution_MatchesV1WithinTolerance" methodname="Next_WeightDistribution_MatchesV1WithinTolerance" classname="MergeWater.Tests.EditMode.DropQueueTests" runstate="Runnable" seed="1276570819" result="Passed" start-time="2026-09-13 13:35:45Z" end-time="2026-09-13 13:35:45Z" duration="0.017290" asserts="0">
                <properties />
              </test-case>
              <test-case id="1216" name="SameSeed_ProducesReproducibleSequence" fullname="MergeWater.Tests.EditMode.DropQueueTests.SameSeed_ProducesReproducibleSequence" methodname="SameSeed_ProducesReproducibleSequence" classname="MergeWater.Tests.EditMode.DropQueueTests" runstate="Runnable" seed="32380734" result="Passed" start-time="2026-09-13 13:35:45Z" end-time="2026-09-13 13:35:45Z" duration="0.004617" asserts="0">
                <properties />
              </test-case>
            </test-suite>
            <test-suite type="TestFixture" id="1246" name="EconomyTests" fullname="MergeWater.Tests.EditMode.EconomyTests" classname="MergeWater.Tests.EditMode.EconomyTests" runstate="Runnable" testcasecount="13" result="Passed" start-time="2026-09-13 13:35:45Z" end-time="2026-09-13 13:35:45Z" duration="0.069238" total="13" passed="13" failed="0" inconclusive="0" skipped="0" asserts="0">
              <properties />
              <test-case id="1250" name="DailyLimits_ResetOnNextLocalDay" fullname="MergeWater.Tests.EditMode.EconomyTests.DailyLimits_ResetOnNextLocalDay" methodname="DailyLimits_ResetOnNextLocalDay" classname="MergeWater.Tests.EditMode.EconomyTests" runstate="Runnable" seed="2125132523" result="Passed" start-time="2026-09-13 13:35:45Z" end-time="2026-09-13 13:35:45Z" duration="0.008852" asserts="0">
                <properties />
              </test-case>
              <test-case id="1256" name="Gift_OncePerDay_AndRequiresCompletedAd" fullname="MergeWater.Tests.EditMode.EconomyTests.Gift_OncePerDay_AndRequiresCompletedAd" methodname="Gift_OncePerDay_AndRequiresCompletedAd" classname="MergeWater.Tests.EditMode.EconomyTests" runstate="Runnable" seed="116600293" result="Passed" start-time="2026-09-13 13:35:45Z" end-time="2026-09-13 13:35:45Z" duration="0.004410" asserts="0">
                <properties />
              </test-case>
              <test-case id="1247" name="Grant_BeyondDailyCap_IsRejected_AndSpendBelowZero_IsRejected" fullname="MergeWater.Tests.EditMode.EconomyTests.Grant_BeyondDailyCap_IsRejected_AndSpendBelowZero_IsRejected" methodname="Grant_BeyondDailyCap_IsRejected_AndSpendBelowZero_IsRejected" classname="MergeWater.Tests.EditMode.EconomyTests" runstate="Runnable" seed="1783180629" result="Passed" start-time="2026-09-13 13:35:45Z" end-time="2026-09-13 13:35:45Z" duration="0.001443" asserts="0">
                <properties />
              </test-case>
              <test-case id="1249" name="GrantGiftBundle_GrantsThreeItems_OncePerDay" fullname="MergeWater.Tests.EditMode.EconomyTests.GrantGiftBundle_GrantsThreeItems_OncePerDay" methodname="GrantGiftBundle_GrantsThreeItems_OncePerDay" classname="MergeWater.Tests.EditMode.EconomyTests" runstate="Runnable" seed="1265958268" result="Passed" start-time="2026-09-13 13:35:45Z" end-time="2026-09-13 13:35:45Z" duration="0.000814" asserts="0">
                <properties />
              </test-case>
              <test-case id="1251" name="GrantUnlimited_IgnoresDailyCap" fullname="MergeWater.Tests.EditMode.EconomyTests.GrantUnlimited_IgnoresDailyCap" methodname="GrantUnlimited_IgnoresDailyCap" classname="MergeWater.Tests.EditMode.EconomyTests" runstate="Runnable" seed="206662977" result="Passed" start-time="2026-09-13 13:35:45Z" end-time="2026-09-13 13:35:45Z" duration="0.000997" asserts="0">
                <properties />
              </test-case>
              <test-case id="1257" name="Interstitial_ShowsAtMostOncePerThreeGames_AndRespectsToggle" fullname="MergeWater.Tests.EditMode.EconomyTests.Interstitial_ShowsAtMostOncePerThreeGames_AndRespectsToggle" methodname="Interstitial_ShowsAtMostOncePerThreeGames_AndRespectsToggle" classname="MergeWater.Tests.EditMode.EconomyTests" runstate="Runnable" seed="690962635" result="Passed" start-time="2026-09-13 13:35:45Z" end-time="2026-09-13 13:35:45Z" duration="0.004057" asserts="0">
                <properties />
              </test-case>
              <test-case id="1248" name="ItemDailyCaps_MatchV213ToV215" fullname="MergeWater.Tests.EditMode.EconomyTests.ItemDailyCaps_MatchV213ToV215" methodname="ItemDailyCaps_MatchV213ToV215" classname="MergeWater.Tests.EditMode.EconomyTests" runstate="Runnable" seed="1557593304" result="Passed" start-time="2026-09-13 13:35:45Z" end-time="2026-09-13 13:35:45Z" duration="0.001438" asserts="0">
                <properties />
              </test-case>
              <test-case id="1254" name="ItemGrant_RespectsDailyCap_RegardlessOfAdsAvailability" fullname="MergeWater.Tests.EditMode.EconomyTests.ItemGrant_RespectsDailyCap_RegardlessOfAdsAvailability" methodname="ItemGrant_RespectsDailyCap_RegardlessOfAdsAvailability" classname="MergeWater.Tests.EditMode.EconomyTests" runstate="Runnable" seed="1906049468" result="Passed" start-time="2026-09-13 13:35:45Z" end-time="2026-09-13 13:35:45Z" duration="0.002567" asserts="0">
                <properties />
              </test-case>
              <test-case id="1255" name="ItemGrant_WhenAdSkipped_DoesNotGrant" fullname="MergeWater.Tests.EditMode.EconomyTests.ItemGrant_WhenAdSkipped_DoesNotGrant" methodname="ItemGrant_WhenAdSkipped_DoesNotGrant" classname="MergeWater.Tests.EditMode.EconomyTests" runstate="Runnable" seed="1752478505" result="Passed" start-time="2026-09-13 13:35:45Z" end-time="2026-09-13 13:35:45Z" duration="0.001634" asserts="0">
                <properties />
              </test-case>
              <test-case id="1253" name="Revive_OfflinePolicy_FollowsOfflineGrantAll" fullname="MergeWater.Tests.EditMode.EconomyTests.Revive_OfflinePolicy_FollowsOfflineGrantAll" methodname="Revive_OfflinePolicy_FollowsOfflineGrantAll" classname="MergeWater.Tests.EditMode.EconomyTests" runstate="Runnable" seed="1633685765" result="Passed" start-time="2026-09-13 13:35:45Z" end-time="2026-09-13 13:35:45Z" duration="0.001161" asserts="0">
                <properties />
              </test-case>
              <test-case id="1252" name="Revive_RespectsNinetySecondGlobalCooldown" fullname="MergeWater.Tests.EditMode.EconomyTests.Revive_RespectsNinetySecondGlobalCooldown" methodname="Revive_RespectsNinetySecondGlobalCooldown" classname="MergeWater.Tests.EditMode.EconomyTests" runstate="Runnable" seed="1625494414" result="Passed" start-time="2026-09-13 13:35:45Z" end-time="2026-09-13 13:35:45Z" duration="0.002335" asserts="0">
                <properties />
              </test-case>
              <test-case id="1259" name="RoundFinished_AccumulatesGamesAndBestScore" fullname="MergeWater.Tests.EditMode.EconomyTests.RoundFinished_AccumulatesGamesAndBestScore" methodname="RoundFinished_AccumulatesGamesAndBestScore" classname="MergeWater.Tests.EditMode.EconomyTests" runstate="Runnable" seed="20845576" result="Passed" start-time="2026-09-13 13:35:45Z" end-time="2026-09-13 13:35:45Z" duration="0.001961" asserts="0">
                <properties />
              </test-case>
              <test-case id="1258" name="ShareChallenge_FirstSucceeds_ThenCooldownForSixtySeconds" fullname="MergeWater.Tests.EditMode.EconomyTests.ShareChallenge_FirstSucceeds_ThenCooldownForSixtySeconds" methodname="ShareChallenge_FirstSucceeds_ThenCooldownForSixtySeconds" classname="MergeWater.Tests.EditMode.EconomyTests" runstate="Runnable" seed="807852054" result="Passed" start-time="2026-09-13 13:35:45Z" end-time="2026-09-13 13:35:45Z" duration="0.020974" asserts="0">
                <properties />
              </test-case>
            </test-suite>
            <test-suite type="TestFixture" id="1184" name="FruitArtAssetTests" fullname="MergeWater.Tests.EditMode.FruitArtAssetTests" classname="MergeWater.Tests.EditMode.FruitArtAssetTests" runstate="Runnable" testcasecount="2" result="Passed" start-time="2026-09-13 13:35:45Z" end-time="2026-09-13 13:35:46Z" duration="0.236538" total="2" passed="2" failed="0" inconclusive="0" skipped="0" asserts="0">
              <properties />
              <test-case id="1185" name="PlanetSprite_ExistsForEveryTier_WithMatchingImportSettings" fullname="MergeWater.Tests.EditMode.FruitArtAssetTests.PlanetSprite_ExistsForEveryTier_WithMatchingImportSettings" methodname="PlanetSprite_ExistsForEveryTier_WithMatchingImportSettings" classname="MergeWater.Tests.EditMode.FruitArtAssetTests" runstate="Runnable" seed="1705883898" result="Passed" start-time="2026-09-13 13:35:45Z" end-time="2026-09-13 13:35:45Z" duration="0.049594" asserts="0">
                <properties />
              </test-case>
              <test-case id="1186" name="ResourcesFolder_HoldsOnlyArtThatIsLoadedAtRuntime" fullname="MergeWater.Tests.EditMode.FruitArtAssetTests.ResourcesFolder_HoldsOnlyArtThatIsLoadedAtRuntime" methodname="ResourcesFolder_HoldsOnlyArtThatIsLoadedAtRuntime" classname="MergeWater.Tests.EditMode.FruitArtAssetTests" runstate="Runnable" seed="340605132" result="Passed" start-time="2026-09-13 13:35:46Z" end-time="2026-09-13 13:35:46Z" duration="0.021468" asserts="0">
                <properties />
              </test-case>
            </test-suite>
            <test-suite type="TestFixture" id="1218" name="FruitArtTests" fullname="MergeWater.Tests.EditMode.FruitArtTests" classname="MergeWater.Tests.EditMode.FruitArtTests" runstate="Runnable" testcasecount="6" result="Passed" start-time="2026-09-13 13:35:46Z" end-time="2026-09-13 13:35:46Z" duration="0.019609" total="6" passed="6" failed="0" inconclusive="0" skipped="0" asserts="0">
              <properties />
              <test-case id="1223" name="EmptyArtSet_FallsBackForEveryTier" fullname="MergeWater.Tests.EditMode.FruitArtTests.EmptyArtSet_FallsBackForEveryTier" methodname="EmptyArtSet_FallsBackForEveryTier" classname="MergeWater.Tests.EditMode.FruitArtTests" runstate="Runnable" seed="2137709187" result="Passed" start-time="2026-09-13 13:35:46Z" end-time="2026-09-13 13:35:46Z" duration="0.002056" asserts="0">
                <properties />
              </test-case>
              <test-case id="1219" name="ForLevel_UsesSpriteIndexedByLevel" fullname="MergeWater.Tests.EditMode.FruitArtTests.ForLevel_UsesSpriteIndexedByLevel" methodname="ForLevel_UsesSpriteIndexedByLevel" classname="MergeWater.Tests.EditMode.FruitArtTests" runstate="Runnable" seed="1862958040" result="Passed" start-time="2026-09-13 13:35:46Z" end-time="2026-09-13 13:35:46Z" duration="0.000577" asserts="0">
                <properties />
              </test-case>
              <test-case id="1224" name="LoadPlanetSprites_ResolvesOneSpritePerTier_ByNamingConvention" fullname="MergeWater.Tests.EditMode.FruitArtTests.LoadPlanetSprites_ResolvesOneSpritePerTier_ByNamingConvention" methodname="LoadPlanetSprites_ResolvesOneSpritePerTier_ByNamingConvention" classname="MergeWater.Tests.EditMode.FruitArtTests" runstate="Runnable" seed="934187284" result="Passed" start-time="2026-09-13 13:35:46Z" end-time="2026-09-13 13:35:46Z" duration="0.010818" asserts="0">
                <properties />
              </test-case>
              <test-case id="1222" name="OutOfRangeLevel_FallsBackWithoutThrowing" fullname="MergeWater.Tests.EditMode.FruitArtTests.OutOfRangeLevel_FallsBackWithoutThrowing" methodname="OutOfRangeLevel_FallsBackWithoutThrowing" classname="MergeWater.Tests.EditMode.FruitArtTests" runstate="Runnable" seed="1412964345" result="Passed" start-time="2026-09-13 13:35:46Z" end-time="2026-09-13 13:35:46Z" duration="0.000872" asserts="0">
                <properties />
              </test-case>
              <test-case id="1220" name="WithArt_DoesNotTint_SoEachFruitKeepsItsOwnColors" fullname="MergeWater.Tests.EditMode.FruitArtTests.WithArt_DoesNotTint_SoEachFruitKeepsItsOwnColors" methodname="WithArt_DoesNotTint_SoEachFruitKeepsItsOwnColors" classname="MergeWater.Tests.EditMode.FruitArtTests" runstate="Runnable" seed="1472948466" result="Passed" start-time="2026-09-13 13:35:46Z" end-time="2026-09-13 13:35:46Z" duration="0.001066" asserts="0">
                <properties />
              </test-case>
              <test-case id="1221" name="WithoutArt_FallsBackToPlaceholder_AndKeepsPaletteTint" fullname="MergeWater.Tests.EditMode.FruitArtTests.WithoutArt_FallsBackToPlaceholder_AndKeepsPaletteTint" methodname="WithoutArt_FallsBackToPlaceholder_AndKeepsPaletteTint" classname="MergeWater.Tests.EditMode.FruitArtTests" runstate="Runnable" seed="1826249743" result="Passed" start-time="2026-09-13 13:35:46Z" end-time="2026-09-13 13:35:46Z" duration="0.001091" asserts="0">
                <properties />
              </test-case>
            </test-suite>
            <test-suite type="TestFixture" id="1225" name="GameBalanceTests" fullname="MergeWater.Tests.EditMode.GameBalanceTests" classname="MergeWater.Tests.EditMode.GameBalanceTests" runstate="Runnable" testcasecount="6" result="Passed" start-time="2026-09-13 13:35:46Z" end-time="2026-09-13 13:35:46Z" duration="0.008162" total="6" passed="6" failed="0" inconclusive="0" skipped="0" asserts="0">
              <properties />
              <test-case id="1230" name="Clone_IsDeepCopy_AndDoesNotShareArrays" fullname="MergeWater.Tests.EditMode.GameBalanceTests.Clone_IsDeepCopy_AndDoesNotShareArrays" methodname="Clone_IsDeepCopy_AndDoesNotShareArrays" classname="MergeWater.Tests.EditMode.GameBalanceTests" runstate="Runnable" seed="177246253" result="Passed" start-time="2026-09-13 13:35:46Z" end-time="2026-09-13 13:35:46Z" duration="0.000738" asserts="0">
                <properties />
              </test-case>
              <test-case id="1231" name="Default_FeelAndRuleValues_MatchV2" fullname="MergeWater.Tests.EditMode.GameBalanceTests.Default_FeelAndRuleValues_MatchV2" methodname="Default_FeelAndRuleValues_MatchV2" classname="MergeWater.Tests.EditMode.GameBalanceTests" runstate="Runnable" seed="153896506" result="Passed" start-time="2026-09-13 13:35:46Z" end-time="2026-09-13 13:35:46Z" duration="0.000891" asserts="0">
                <properties />
              </test-case>
              <test-case id="1226" name="Default_MatchesRequirementsV1Table" fullname="MergeWater.Tests.EditMode.GameBalanceTests.Default_MatchesRequirementsV1Table" methodname="Default_MatchesRequirementsV1Table" classname="MergeWater.Tests.EditMode.GameBalanceTests" runstate="Runnable" seed="1526275987" result="Passed" start-time="2026-09-13 13:35:46Z" end-time="2026-09-13 13:35:46Z" duration="0.000759" asserts="0">
                <properties />
              </test-case>
              <test-case id="1229" name="Default_StageMilestones_MatchV218" fullname="MergeWater.Tests.EditMode.GameBalanceTests.Default_StageMilestones_MatchV218" methodname="Default_StageMilestones_MatchV218" classname="MergeWater.Tests.EditMode.GameBalanceTests" runstate="Runnable" seed="587932204" result="Passed" start-time="2026-09-13 13:35:46Z" end-time="2026-09-13 13:35:46Z" duration="0.001243" asserts="0">
                <properties />
              </test-case>
              <test-case id="1227" name="Default_Tiers_AreMonotonicAndWeightsSumToOne" fullname="MergeWater.Tests.EditMode.GameBalanceTests.Default_Tiers_AreMonotonicAndWeightsSumToOne" methodname="Default_Tiers_AreMonotonicAndWeightsSumToOne" classname="MergeWater.Tests.EditMode.GameBalanceTests" runstate="Runnable" seed="644725442" result="Passed" start-time="2026-09-13 13:35:46Z" end-time="2026-09-13 13:35:46Z" duration="0.000957" asserts="0">
                <properties />
              </test-case>
              <test-case id="1228" name="GetTier_OutOfRange_ReturnsInvalidDefaultWithoutThrowing" fullname="MergeWater.Tests.EditMode.GameBalanceTests.GetTier_OutOfRange_ReturnsInvalidDefaultWithoutThrowing" methodname="GetTier_OutOfRange_ReturnsInvalidDefaultWithoutThrowing" classname="MergeWater.Tests.EditMode.GameBalanceTests" runstate="Runnable" seed="1492241478" result="Passed" start-time="2026-09-13 13:35:46Z" end-time="2026-09-13 13:35:46Z" duration="0.000523" asserts="0">
                <properties />
              </test-case>
            </test-suite>
            <test-suite type="TestFixture" id="1187" name="HudLayoutTests" fullname="MergeWater.Tests.EditMode.HudLayoutTests" classname="MergeWater.Tests.EditMode.HudLayoutTests" runstate="Runnable" testcasecount="8" result="Failed" site="Child" start-time="2026-09-13 13:35:46Z" end-time="2026-09-13 13:35:46Z" duration="0.336441" total="8" passed="7" failed="1" inconclusive="0" skipped="0" asserts="0">
              <properties />
              <failure>
                <message><![CDATA[One or more child tests had errors]]></message>
              </failure>
              <test-case id="1188" name="AllVisibleHudElements_FitInsideDesignCanvas" fullname="MergeWater.Tests.EditMode.HudLayoutTests.AllVisibleHudElements_FitInsideDesignCanvas" methodname="AllVisibleHudElements_FitInsideDesignCanvas" classname="MergeWater.Tests.EditMode.HudLayoutTests" runstate="Runnable" seed="1829277046" result="Passed" start-time="2026-09-13 13:35:46Z" end-time="2026-09-13 13:35:46Z" duration="0.171487" asserts="0">
                <properties />
              </test-case>
              <test-case id="1192" name="BottomBand_IsClearOfHudElements" fullname="MergeWater.Tests.EditMode.HudLayoutTests.BottomBand_IsClearOfHudElements" methodname="BottomBand_IsClearOfHudElements" classname="MergeWater.Tests.EditMode.HudLayoutTests" runstate="Runnable" seed="474554602" result="Passed" start-time="2026-09-13 13:35:46Z" end-time="2026-09-13 13:35:46Z" duration="0.022636" asserts="0">
                <properties />
              </test-case>
              <test-case id="1194" name="Canvas_UsesPortraitReferenceResolution" fullname="MergeWater.Tests.EditMode.HudLayoutTests.Canvas_UsesPortraitReferenceResolution" methodname="Canvas_UsesPortraitReferenceResolution" classname="MergeWater.Tests.EditMode.HudLayoutTests" runstate="Runnable" seed="311462150" result="Passed" start-time="2026-09-13 13:35:46Z" end-time="2026-09-13 13:35:46Z" duration="0.021282" asserts="0">
                <properties />
              </test-case>
              <test-case id="1195" name="NoOpaqueFullScreenGraphic_HidesTheGameWorld" fullname="MergeWater.Tests.EditMode.HudLayoutTests.NoOpaqueFullScreenGraphic_HidesTheGameWorld" methodname="NoOpaqueFullScreenGraphic_HidesTheGameWorld" classname="MergeWater.Tests.EditMode.HudLayoutTests" runstate="Runnable" seed="1740559670" result="Passed" start-time="2026-09-13 13:35:46Z" end-time="2026-09-13 13:35:46Z" duration="0.021077" asserts="0">
                <properties />
              </test-case>
              <test-case id="1191" name="SettingsPanel_BottomBlock_SitsAboveTheBottomEdgeWithBalancedSpacing" fullname="MergeWater.Tests.EditMode.HudLayoutTests.SettingsPanel_BottomBlock_SitsAboveTheBottomEdgeWithBalancedSpacing" methodname="SettingsPanel_BottomBlock_SitsAboveTheBottomEdgeWithBalancedSpacing" classname="MergeWater.Tests.EditMode.HudLayoutTests" runstate="Runnable" seed="1750685076" result="Failed" start-time="2026-09-13 13:35:46Z" end-time="2026-09-13 13:35:46Z" duration="0.029769" asserts="0">
                <properties />
                <failure>
                  <message><![CDATA[  关闭按钮下沿距面板底 216 过大，底部块会被推到面板中部
  Expected: less than or equal to 200.0f
  But was:  216.000031f
]]></message>
                  <stack-trace><![CDATA[at MergeWater.Tests.EditMode.HudLayoutTests.SettingsPanel_BottomBlock_SitsAboveTheBottomEdgeWithBalancedSpacing () [0x000db] in E:\Unity\Projects\DemoProjects\MergeWater\Assets\Tests\EditMode\Bootstrap\HudLayoutTests.cs:253
]]></stack-trace>
                </failure>
              </test-case>
              <test-case id="1193" name="SideEntries_SitOnTheirOwnHalf" fullname="MergeWater.Tests.EditMode.HudLayoutTests.SideEntries_SitOnTheirOwnHalf" methodname="SideEntries_SitOnTheirOwnHalf" classname="MergeWater.Tests.EditMode.HudLayoutTests" runstate="Runnable" seed="983654415" result="Passed" start-time="2026-09-13 13:35:46Z" end-time="2026-09-13 13:35:46Z" duration="0.022897" asserts="0">
                <properties />
              </test-case>
              <test-case id="1189" name="TopAnchoredElements_UseSameSidePivot_SoTheyAreNotClipped" fullname="MergeWater.Tests.EditMode.HudLayoutTests.TopAnchoredElements_UseSameSidePivot_SoTheyAreNotClipped" methodname="TopAnchoredElements_UseSameSidePivot_SoTheyAreNotClipped" classname="MergeWater.Tests.EditMode.HudLayoutTests" runstate="Runnable" seed="1458436149" result="Passed" start-time="2026-09-13 13:35:46Z" end-time="2026-09-13 13:35:46Z" duration="0.022423" asserts="0">
                <properties />
              </test-case>
              <test-case id="1190" name="TopBar_DoesNotEnterWeChatCapsuleZone" fullname="MergeWater.Tests.EditMode.HudLayoutTests.TopBar_DoesNotEnterWeChatCapsuleZone" methodname="TopBar_DoesNotEnterWeChatCapsuleZone" classname="MergeWater.Tests.EditMode.HudLayoutTests" runstate="Runnable" seed="215176579" result="Passed" start-time="2026-09-13 13:35:46Z" end-time="2026-09-13 13:35:46Z" duration="0.021127" asserts="0">
                <properties />
              </test-case>
            </test-suite>
            <test-suite type="TestFixture" id="1260" name="MetaServiceTests" fullname="MergeWater.Tests.EditMode.MetaServiceTests" classname="MergeWater.Tests.EditMode.MetaServiceTests" runstate="Runnable" testcasecount="11" result="Passed" start-time="2026-09-13 13:35:46Z" end-time="2026-09-13 13:35:46Z" duration="0.020962" total="11" passed="11" failed="0" inconclusive="0" skipped="0" asserts="0">
              <properties />
              <test-case id="1271" name="AdsServiceProxy_BeforeSwap_BehavesAsUnavailable" fullname="MergeWater.Tests.EditMode.MetaServiceTests.AdsServiceProxy_BeforeSwap_BehavesAsUnavailable" methodname="AdsServiceProxy_BeforeSwap_BehavesAsUnavailable" classname="MergeWater.Tests.EditMode.MetaServiceTests" runstate="Runnable" seed="1164744891" result="Passed" start-time="2026-09-13 13:35:46Z" end-time="2026-09-13 13:35:46Z" duration="0.001129" asserts="0">
                <properties />
              </test-case>
              <test-case id="1268" name="Analytics_AfterInitialize_RecordsNameAndParameters" fullname="MergeWater.Tests.EditMode.MetaServiceTests.Analytics_AfterInitialize_RecordsNameAndParameters" methodname="Analytics_AfterInitialize_RecordsNameAndParameters" classname="MergeWater.Tests.EditMode.MetaServiceTests" runstate="Runnable" seed="2084625523" result="Passed" start-time="2026-09-13 13:35:46Z" end-time="2026-09-13 13:35:46Z" duration="0.001862" asserts="0">
                <properties />
              </test-case>
              <test-case id="1267" name="Analytics_BeforeInitialize_IsIgnored" fullname="MergeWater.Tests.EditMode.MetaServiceTests.Analytics_BeforeInitialize_IsIgnored" methodname="Analytics_BeforeInitialize_IsIgnored" classname="MergeWater.Tests.EditMode.MetaServiceTests" runstate="Runnable" seed="1581220283" result="Passed" start-time="2026-09-13 13:35:46Z" end-time="2026-09-13 13:35:46Z" duration="0.000416" asserts="0">
                <properties />
              </test-case>
              <test-case id="1269" name="Analytics_WhenSinkThrows_DoesNotThrow" fullname="MergeWater.Tests.EditMode.MetaServiceTests.Analytics_WhenSinkThrows_DoesNotThrow" methodname="Analytics_WhenSinkThrows_DoesNotThrow" classname="MergeWater.Tests.EditMode.MetaServiceTests" runstate="Runnable" seed="1651440765" result="Passed" start-time="2026-09-13 13:35:46Z" end-time="2026-09-13 13:35:46Z" duration="0.004171" asserts="0">
                <properties />
                <output><![CDATA[[Analytics] Sink 写入失败，已忽略后续错误：sink failure
]]></output>
              </test-case>
              <test-case id="1263" name="Leaderboard_IsSelfBeaten_OnlyWhenFriendScoreHigher" fullname="MergeWater.Tests.EditMode.MetaServiceTests.Leaderboard_IsSelfBeaten_OnlyWhenFriendScoreHigher" methodname="Leaderboard_IsSelfBeaten_OnlyWhenFriendScoreHigher" classname="MergeWater.Tests.EditMode.MetaServiceTests" runstate="Runnable" seed="162270012" result="Passed" start-time="2026-09-13 13:35:46Z" end-time="2026-09-13 13:35:46Z" duration="0.001178" asserts="0">
                <properties />
              </test-case>
              <test-case id="1262" name="Leaderboard_Submit_DoesNotLowerExistingScore_AndIgnoresZero" fullname="MergeWater.Tests.EditMode.MetaServiceTests.Leaderboard_Submit_DoesNotLowerExistingScore_AndIgnoresZero" methodname="Leaderboard_Submit_DoesNotLowerExistingScore_AndIgnoresZero" classname="MergeWater.Tests.EditMode.MetaServiceTests" runstate="Runnable" seed="1527048078" result="Passed" start-time="2026-09-13 13:35:46Z" end-time="2026-09-13 13:35:46Z" duration="0.000481" asserts="0">
                <properties />
              </test-case>
              <test-case id="1261" name="Leaderboard_Submit_OrdersByScore_AndGetTopRespectsPageSize" fullname="MergeWater.Tests.EditMode.MetaServiceTests.Leaderboard_Submit_OrdersByScore_AndGetTopRespectsPageSize" methodname="Leaderboard_Submit_OrdersByScore_AndGetTopRespectsPageSize" classname="MergeWater.Tests.EditMode.MetaServiceTests" runstate="Runnable" seed="117205019" result="Passed" start-time="2026-09-13 13:35:46Z" end-time="2026-09-13 13:35:46Z" duration="0.000695" asserts="0">
                <properties />
              </test-case>
              <test-case id="1264" name="Leaderboard_TrimsToMaxEntries" fullname="MergeWater.Tests.EditMode.MetaServiceTests.Leaderboard_TrimsToMaxEntries" methodname="Leaderboard_TrimsToMaxEntries" classname="MergeWater.Tests.EditMode.MetaServiceTests" runstate="Runnable" seed="879648158" result="Passed" start-time="2026-09-13 13:35:46Z" end-time="2026-09-13 13:35:46Z" duration="0.000672" asserts="0">
                <properties />
              </test-case>
              <test-case id="1270" name="NullAnalytics_NeverInitializesOrRecords" fullname="MergeWater.Tests.EditMode.MetaServiceTests.NullAnalytics_NeverInitializesOrRecords" methodname="NullAnalytics_NeverInitializesOrRecords" classname="MergeWater.Tests.EditMode.MetaServiceTests" runstate="Runnable" seed="917860847" result="Passed" start-time="2026-09-13 13:35:46Z" end-time="2026-09-13 13:35:46Z" duration="0.000354" asserts="0">
                <properties />
              </test-case>
              <test-case id="1265" name="PrivacyGate_BeforeAccept_Blocks_AfterAccept_Persists" fullname="MergeWater.Tests.EditMode.MetaServiceTests.PrivacyGate_BeforeAccept_Blocks_AfterAccept_Persists" methodname="PrivacyGate_BeforeAccept_Blocks_AfterAccept_Persists" classname="MergeWater.Tests.EditMode.MetaServiceTests" runstate="Runnable" seed="138974663" result="Passed" start-time="2026-09-13 13:35:46Z" end-time="2026-09-13 13:35:46Z" duration="0.001336" asserts="0">
                <properties />
              </test-case>
              <test-case id="1266" name="Settings_Persist_AndClearCacheResetsEverything" fullname="MergeWater.Tests.EditMode.MetaServiceTests.Settings_Persist_AndClearCacheResetsEverything" methodname="Settings_Persist_AndClearCacheResetsEverything" classname="MergeWater.Tests.EditMode.MetaServiceTests" runstate="Runnable" seed="226730254" result="Passed" start-time="2026-09-13 13:35:46Z" end-time="2026-09-13 13:35:46Z" duration="0.001083" asserts="0">
                <properties />
              </test-case>
            </test-suite>
            <test-suite type="TestSuite" id="1332" name="Presentation" fullname="MergeWater.Tests.EditMode.Presentation" runstate="Runnable" testcasecount="3" result="Passed" start-time="2026-09-13 13:35:46Z" end-time="2026-09-13 13:35:52Z" duration="5.628844" total="3" passed="3" failed="0" inconclusive="0" skipped="0" asserts="0">
              <properties />
              <test-suite type="TestFixture" id="1324" name="UiSourceOfTruthTests" fullname="MergeWater.Tests.EditMode.Presentation.UiSourceOfTruthTests" classname="MergeWater.Tests.EditMode.Presentation.UiSourceOfTruthTests" runstate="Runnable" testcasecount="3" result="Passed" start-time="2026-09-13 13:35:46Z" end-time="2026-09-13 13:35:52Z" duration="5.628067" total="3" passed="3" failed="0" inconclusive="0" skipped="0" asserts="0">
                <properties />
                <test-case id="1327" name="HudViewFields_AreFilledFromTheSceneNotFromCode" fullname="MergeWater.Tests.EditMode.Presentation.UiSourceOfTruthTests.HudViewFields_AreFilledFromTheSceneNotFromCode" methodname="HudViewFields_AreFilledFromTheSceneNotFromCode" classname="MergeWater.Tests.EditMode.Presentation.UiSourceOfTruthTests" runstate="Runnable" seed="1312113922" result="Passed" start-time="2026-09-13 13:35:46Z" end-time="2026-09-13 13:35:46Z" duration="0.001024" asserts="0">
                  <properties />
                </test-case>
                <test-case id="1326" name="RuntimeAssemblies_DoNotReferenceTheEditorAssembly" fullname="MergeWater.Tests.EditMode.Presentation.UiSourceOfTruthTests.RuntimeAssemblies_DoNotReferenceTheEditorAssembly" methodname="RuntimeAssemblies_DoNotReferenceTheEditorAssembly" classname="MergeWater.Tests.EditMode.Presentation.UiSourceOfTruthTests" runstate="Runnable" seed="572852497" result="Passed" start-time="2026-09-13 13:35:46Z" end-time="2026-09-13 13:35:46Z" duration="0.002310" asserts="0">
                  <properties />
                </test-case>
                <test-case id="1325" name="RuntimeSources_DoNotCreateUiComponents" fullname="MergeWater.Tests.EditMode.Presentation.UiSourceOfTruthTests.RuntimeSources_DoNotCreateUiComponents" methodname="RuntimeSources_DoNotCreateUiComponents" classname="MergeWater.Tests.EditMode.Presentation.UiSourceOfTruthTests" runstate="Runnable" seed="2038821168" result="Passed" start-time="2026-09-13 13:35:46Z" end-time="2026-09-13 13:35:52Z" duration="5.623335" asserts="0">
                  <properties />
                </test-case>
              </test-suite>
            </test-suite>
            <test-suite type="TestFixture" id="1306" name="RoundSessionTests" fullname="MergeWater.Tests.EditMode.RoundSessionTests" classname="MergeWater.Tests.EditMode.RoundSessionTests" runstate="Runnable" testcasecount="17" result="Passed" start-time="2026-09-13 13:35:52Z" end-time="2026-09-13 13:35:52Z" duration="0.025373" total="17" passed="17" failed="0" inconclusive="0" skipped="0" asserts="0">
              <properties />
              <test-case id="1316" name="ApplyRevive_OnFirstCall_RemovesClusterAndResumes_SecondCallIsRejected" fullname="MergeWater.Tests.EditMode.RoundSessionTests.ApplyRevive_OnFirstCall_RemovesClusterAndResumes_SecondCallIsRejected" methodname="ApplyRevive_OnFirstCall_RemovesClusterAndResumes_SecondCallIsRejected" classname="MergeWater.Tests.EditMode.RoundSessionTests" runstate="Runnable" seed="2136394280" result="Passed" start-time="2026-09-13 13:35:52Z" end-time="2026-09-13 13:35:52Z" duration="0.005104" asserts="0">
                <properties />
              </test-case>
              <test-case id="1317" name="ApplyRevive_WhenNotInReviving_ReturnsNotInGameOver_AndChangesNothing" fullname="MergeWater.Tests.EditMode.RoundSessionTests.ApplyRevive_WhenNotInReviving_ReturnsNotInGameOver_AndChangesNothing" methodname="ApplyRevive_WhenNotInReviving_ReturnsNotInGameOver_AndChangesNothing" classname="MergeWater.Tests.EditMode.RoundSessionTests" runstate="Runnable" seed="1661680624" result="Passed" start-time="2026-09-13 13:35:52Z" end-time="2026-09-13 13:35:52Z" duration="0.000638" asserts="0">
                <properties />
              </test-case>
              <test-case id="1311" name="Combo_WithinThreeSeconds_IncreasesThenResetsAfterWindow" fullname="MergeWater.Tests.EditMode.RoundSessionTests.Combo_WithinThreeSeconds_IncreasesThenResetsAfterWindow" methodname="Combo_WithinThreeSeconds_IncreasesThenResetsAfterWindow" classname="MergeWater.Tests.EditMode.RoundSessionTests" runstate="Runnable" seed="1870916025" result="Passed" start-time="2026-09-13 13:35:52Z" end-time="2026-09-13 13:35:52Z" duration="0.002504" asserts="0">
                <properties />
              </test-case>
              <test-case id="1313" name="Danger_AfterReviveUsed_SecondFailureGoesToGameOver" fullname="MergeWater.Tests.EditMode.RoundSessionTests.Danger_AfterReviveUsed_SecondFailureGoesToGameOver" methodname="Danger_AfterReviveUsed_SecondFailureGoesToGameOver" classname="MergeWater.Tests.EditMode.RoundSessionTests" runstate="Runnable" seed="1572184628" result="Passed" start-time="2026-09-13 13:35:52Z" end-time="2026-09-13 13:35:52Z" duration="0.000640" asserts="0">
                <properties />
              </test-case>
              <test-case id="1312" name="Danger_RequiresContinuousOnePointTwoSeconds_ThenEntersRevivingPage" fullname="MergeWater.Tests.EditMode.RoundSessionTests.Danger_RequiresContinuousOnePointTwoSeconds_ThenEntersRevivingPage" methodname="Danger_RequiresContinuousOnePointTwoSeconds_ThenEntersRevivingPage" classname="MergeWater.Tests.EditMode.RoundSessionTests" runstate="Runnable" seed="935753810" result="Passed" start-time="2026-09-13 13:35:52Z" end-time="2026-09-13 13:35:52Z" duration="0.000504" asserts="0">
                <properties />
              </test-case>
              <test-case id="1314" name="Danger_TimerResets_WhenViolationClears" fullname="MergeWater.Tests.EditMode.RoundSessionTests.Danger_TimerResets_WhenViolationClears" methodname="Danger_TimerResets_WhenViolationClears" classname="MergeWater.Tests.EditMode.RoundSessionTests" runstate="Runnable" seed="1846073578" result="Passed" start-time="2026-09-13 13:35:52Z" end-time="2026-09-13 13:35:52Z" duration="0.000482" asserts="0">
                <properties />
              </test-case>
              <test-case id="1315" name="DangerEvents_ArePairedOncePerViolationEpisode" fullname="MergeWater.Tests.EditMode.RoundSessionTests.DangerEvents_ArePairedOncePerViolationEpisode" methodname="DangerEvents_ArePairedOncePerViolationEpisode" classname="MergeWater.Tests.EditMode.RoundSessionTests" runstate="Runnable" seed="2024379937" result="Passed" start-time="2026-09-13 13:35:52Z" end-time="2026-09-13 13:35:52Z" duration="0.000542" asserts="0">
                <properties />
              </test-case>
              <test-case id="1323" name="Dispose_UnsubscribesFromField" fullname="MergeWater.Tests.EditMode.RoundSessionTests.Dispose_UnsubscribesFromField" methodname="Dispose_UnsubscribesFromField" classname="MergeWater.Tests.EditMode.RoundSessionTests" runstate="Runnable" seed="1934188972" result="Passed" start-time="2026-09-13 13:35:52Z" end-time="2026-09-13 13:35:52Z" duration="0.000327" asserts="0">
                <properties />
              </test-case>
              <test-case id="1321" name="DropCooldown_BlocksImmediateSecondDrop_ThenAllowsAfterTick" fullname="MergeWater.Tests.EditMode.RoundSessionTests.DropCooldown_BlocksImmediateSecondDrop_ThenAllowsAfterTick" methodname="DropCooldown_BlocksImmediateSecondDrop_ThenAllowsAfterTick" classname="MergeWater.Tests.EditMode.RoundSessionTests" runstate="Runnable" seed="1141747238" result="Passed" start-time="2026-09-13 13:35:52Z" end-time="2026-09-13 13:35:52Z" duration="0.000419" asserts="0">
                <properties />
              </test-case>
              <test-case id="1310" name="Merged_AddsScoreWithMultiplier_AndTracksBestScore" fullname="MergeWater.Tests.EditMode.RoundSessionTests.Merged_AddsScoreWithMultiplier_AndTracksBestScore" methodname="Merged_AddsScoreWithMultiplier_AndTracksBestScore" classname="MergeWater.Tests.EditMode.RoundSessionTests" runstate="Runnable" seed="831319093" result="Passed" start-time="2026-09-13 13:35:52Z" end-time="2026-09-13 13:35:52Z" duration="0.000808" asserts="0">
                <properties />
              </test-case>
              <test-case id="1322" name="MergeDuringReviving_IsIgnored" fullname="MergeWater.Tests.EditMode.RoundSessionTests.MergeDuringReviving_IsIgnored" methodname="MergeDuringReviving_IsIgnored" classname="MergeWater.Tests.EditMode.RoundSessionTests" runstate="Runnable" seed="1772733657" result="Passed" start-time="2026-09-13 13:35:52Z" end-time="2026-09-13 13:35:52Z" duration="0.000470" asserts="0">
                <properties />
              </test-case>
              <test-case id="1319" name="MilestoneReached_IsGrantedOncePerRound" fullname="MergeWater.Tests.EditMode.RoundSessionTests.MilestoneReached_IsGrantedOncePerRound" methodname="MilestoneReached_IsGrantedOncePerRound" classname="MergeWater.Tests.EditMode.RoundSessionTests" runstate="Runnable" seed="597861299" result="Passed" start-time="2026-09-13 13:35:52Z" end-time="2026-09-13 13:35:52Z" duration="0.002874" asserts="0">
                <properties />
              </test-case>
              <test-case id="1320" name="ReleaseDrop_AfterGameOver_IsRejected_AndLateMergesDoNotScore" fullname="MergeWater.Tests.EditMode.RoundSessionTests.ReleaseDrop_AfterGameOver_IsRejected_AndLateMergesDoNotScore" methodname="ReleaseDrop_AfterGameOver_IsRejected_AndLateMergesDoNotScore" classname="MergeWater.Tests.EditMode.RoundSessionTests" runstate="Runnable" seed="1486612090" result="Passed" start-time="2026-09-13 13:35:52Z" end-time="2026-09-13 13:35:52Z" duration="0.000815" asserts="0">
                <properties />
              </test-case>
              <test-case id="1309" name="ReleaseDrop_WhenFieldRejects_DoesNotConsumeQueue" fullname="MergeWater.Tests.EditMode.RoundSessionTests.ReleaseDrop_WhenFieldRejects_DoesNotConsumeQueue" methodname="ReleaseDrop_WhenFieldRejects_DoesNotConsumeQueue" classname="MergeWater.Tests.EditMode.RoundSessionTests" runstate="Runnable" seed="1204228083" result="Passed" start-time="2026-09-13 13:35:52Z" end-time="2026-09-13 13:35:52Z" duration="0.000453" asserts="0">
                <properties />
              </test-case>
              <test-case id="1308" name="ReleaseDrop_WhilePlaying_UsesQueueTierAndAdvancesQueue" fullname="MergeWater.Tests.EditMode.RoundSessionTests.ReleaseDrop_WhilePlaying_UsesQueueTierAndAdvancesQueue" methodname="ReleaseDrop_WhilePlaying_UsesQueueTierAndAdvancesQueue" classname="MergeWater.Tests.EditMode.RoundSessionTests" runstate="Runnable" seed="1267120644" result="Passed" start-time="2026-09-13 13:35:52Z" end-time="2026-09-13 13:35:52Z" duration="0.000602" asserts="0">
                <properties />
              </test-case>
              <test-case id="1318" name="Reviving_RejectsDropAndItemUse" fullname="MergeWater.Tests.EditMode.RoundSessionTests.Reviving_RejectsDropAndItemUse" methodname="Reviving_RejectsDropAndItemUse" classname="MergeWater.Tests.EditMode.RoundSessionTests" runstate="Runnable" seed="601690752" result="Passed" start-time="2026-09-13 13:35:52Z" end-time="2026-09-13 13:35:52Z" duration="0.000375" asserts="0">
                <properties />
              </test-case>
              <test-case id="1307" name="StartRound_ResetsStateAndEntersReady_ThenFirstDropEntersPlaying" fullname="MergeWater.Tests.EditMode.RoundSessionTests.StartRound_ResetsStateAndEntersReady_ThenFirstDropEntersPlaying" methodname="StartRound_ResetsStateAndEntersReady_ThenFirstDropEntersPlaying" classname="MergeWater.Tests.EditMode.RoundSessionTests" runstate="Runnable" seed="1182989970" result="Passed" start-time="2026-09-13 13:35:52Z" end-time="2026-09-13 13:35:52Z" duration="0.000488" asserts="0">
                <properties />
              </test-case>
            </test-suite>
            <test-suite type="TestFixture" id="1291" name="SafeAreaLayoutTests" fullname="MergeWater.Tests.EditMode.SafeAreaLayoutTests" classname="MergeWater.Tests.EditMode.SafeAreaLayoutTests" runstate="Runnable" testcasecount="7" result="Passed" start-time="2026-09-13 13:35:52Z" end-time="2026-09-13 13:35:52Z" duration="0.004724" total="7" passed="7" failed="0" inconclusive="0" skipped="0" asserts="0">
              <properties />
              <test-case id="1296" name="ExtraTop_WhenDesignAlreadyReservesEnough_IsZero" fullname="MergeWater.Tests.EditMode.SafeAreaLayoutTests.ExtraTop_WhenDesignAlreadyReservesEnough_IsZero" methodname="ExtraTop_WhenDesignAlreadyReservesEnough_IsZero" classname="MergeWater.Tests.EditMode.SafeAreaLayoutTests" runstate="Runnable" seed="1400718636" result="Passed" start-time="2026-09-13 13:35:52Z" end-time="2026-09-13 13:35:52Z" duration="0.000426" asserts="0">
                <properties />
              </test-case>
              <test-case id="1297" name="ExtraTop_WhenDeviceNeedsMore_IsTheDifference" fullname="MergeWater.Tests.EditMode.SafeAreaLayoutTests.ExtraTop_WhenDeviceNeedsMore_IsTheDifference" methodname="ExtraTop_WhenDeviceNeedsMore_IsTheDifference" classname="MergeWater.Tests.EditMode.SafeAreaLayoutTests" runstate="Runnable" seed="1081738925" result="Passed" start-time="2026-09-13 13:35:52Z" end-time="2026-09-13 13:35:52Z" duration="0.000310" asserts="0">
                <properties />
              </test-case>
              <test-case id="1298" name="PixelAndDesignUnitConversion_RoundTrips" fullname="MergeWater.Tests.EditMode.SafeAreaLayoutTests.PixelAndDesignUnitConversion_RoundTrips" methodname="PixelAndDesignUnitConversion_RoundTrips" classname="MergeWater.Tests.EditMode.SafeAreaLayoutTests" runstate="Runnable" seed="1973905920" result="Passed" start-time="2026-09-13 13:35:52Z" end-time="2026-09-13 13:35:52Z" duration="0.000450" asserts="0">
                <properties />
              </test-case>
              <test-case id="1295" name="RequiredTop_KeepsNotch_WhenCapsuleIsHigher" fullname="MergeWater.Tests.EditMode.SafeAreaLayoutTests.RequiredTop_KeepsNotch_WhenCapsuleIsHigher" methodname="RequiredTop_KeepsNotch_WhenCapsuleIsHigher" classname="MergeWater.Tests.EditMode.SafeAreaLayoutTests" runstate="Runnable" seed="225852040" result="Passed" start-time="2026-09-13 13:35:52Z" end-time="2026-09-13 13:35:52Z" duration="0.000408" asserts="0">
                <properties />
              </test-case>
              <test-case id="1294" name="RequiredTop_TakesCapsule_WhenCapsuleIsLowerThanTheNotch" fullname="MergeWater.Tests.EditMode.SafeAreaLayoutTests.RequiredTop_TakesCapsule_WhenCapsuleIsLowerThanTheNotch" methodname="RequiredTop_TakesCapsule_WhenCapsuleIsLowerThanTheNotch" classname="MergeWater.Tests.EditMode.SafeAreaLayoutTests" runstate="Runnable" seed="786286327" result="Passed" start-time="2026-09-13 13:35:52Z" end-time="2026-09-13 13:35:52Z" duration="0.000214" asserts="0">
                <properties />
              </test-case>
              <test-case id="1293" name="RequiredTop_UsesSafeAreaTop_ForNotchedDevices" fullname="MergeWater.Tests.EditMode.SafeAreaLayoutTests.RequiredTop_UsesSafeAreaTop_ForNotchedDevices" methodname="RequiredTop_UsesSafeAreaTop_ForNotchedDevices" classname="MergeWater.Tests.EditMode.SafeAreaLayoutTests" runstate="Runnable" seed="1702295726" result="Passed" start-time="2026-09-13 13:35:52Z" end-time="2026-09-13 13:35:52Z" duration="0.000202" asserts="0">
                <properties />
              </test-case>
              <test-case id="1292" name="RequiredTop_WithoutNotchOrCapsule_IsJustTheMargin" fullname="MergeWater.Tests.EditMode.SafeAreaLayoutTests.RequiredTop_WithoutNotchOrCapsule_IsJustTheMargin" methodname="RequiredTop_WithoutNotchOrCapsule_IsJustTheMargin" classname="MergeWater.Tests.EditMode.SafeAreaLayoutTests" runstate="Runnable" seed="801630387" result="Passed" start-time="2026-09-13 13:35:52Z" end-time="2026-09-13 13:35:52Z" duration="0.000204" asserts="0">
                <properties />
              </test-case>
            </test-suite>
            <test-suite type="TestFixture" id="1272" name="SaveServiceTests" fullname="MergeWater.Tests.EditMode.SaveServiceTests" classname="MergeWater.Tests.EditMode.SaveServiceTests" runstate="Runnable" testcasecount="7" result="Passed" start-time="2026-09-13 13:35:52Z" end-time="2026-09-13 13:35:52Z" duration="0.006930" total="7" passed="7" failed="0" inconclusive="0" skipped="0" asserts="0">
              <properties />
              <test-case id="1278" name="ClearAll_DeletesFileAndResetsToDefault" fullname="MergeWater.Tests.EditMode.SaveServiceTests.ClearAll_DeletesFileAndResetsToDefault" methodname="ClearAll_DeletesFileAndResetsToDefault" classname="MergeWater.Tests.EditMode.SaveServiceTests" runstate="Runnable" seed="104120706" result="Passed" start-time="2026-09-13 13:35:52Z" end-time="2026-09-13 13:35:52Z" duration="0.000548" asserts="0">
                <properties />
              </test-case>
              <test-case id="1274" name="Load_CorruptedJson_BacksUpAndReturnsDefault" fullname="MergeWater.Tests.EditMode.SaveServiceTests.Load_CorruptedJson_BacksUpAndReturnsDefault" methodname="Load_CorruptedJson_BacksUpAndReturnsDefault" classname="MergeWater.Tests.EditMode.SaveServiceTests" runstate="Runnable" seed="907627588" result="Passed" start-time="2026-09-13 13:35:52Z" end-time="2026-09-13 13:35:52Z" duration="0.001271" asserts="0">
                <properties />
                <output><![CDATA[[SaveService] 存档 JSON 损坏，已备份并回退默认值：JSON parse error: Missing a name for object member.
]]></output>
              </test-case>
              <test-case id="1276" name="Load_FutureSchema_FallsBackToDefaultAndKeepsBackup" fullname="MergeWater.Tests.EditMode.SaveServiceTests.Load_FutureSchema_FallsBackToDefaultAndKeepsBackup" methodname="Load_FutureSchema_FallsBackToDefaultAndKeepsBackup" classname="MergeWater.Tests.EditMode.SaveServiceTests" runstate="Runnable" seed="1941925343" result="Passed" start-time="2026-09-13 13:35:52Z" end-time="2026-09-13 13:35:52Z" duration="0.000913" asserts="0">
                <properties />
                <output><![CDATA[[SaveService] 存档版本 99 高于当前 2，按默认值处理。
]]></output>
              </test-case>
              <test-case id="1279" name="Load_IgnoresInvalidLeaderboardRecords" fullname="MergeWater.Tests.EditMode.SaveServiceTests.Load_IgnoresInvalidLeaderboardRecords" methodname="Load_IgnoresInvalidLeaderboardRecords" classname="MergeWater.Tests.EditMode.SaveServiceTests" runstate="Runnable" seed="1323621801" result="Passed" start-time="2026-09-13 13:35:52Z" end-time="2026-09-13 13:35:52Z" duration="0.000526" asserts="0">
                <properties />
              </test-case>
              <test-case id="1275" name="Load_OldSchema_MigratesAndClampsOutOfRangeValues" fullname="MergeWater.Tests.EditMode.SaveServiceTests.Load_OldSchema_MigratesAndClampsOutOfRangeValues" methodname="Load_OldSchema_MigratesAndClampsOutOfRangeValues" classname="MergeWater.Tests.EditMode.SaveServiceTests" runstate="Runnable" seed="191701795" result="Passed" start-time="2026-09-13 13:35:52Z" end-time="2026-09-13 13:35:52Z" duration="0.000492" asserts="0">
                <properties />
              </test-case>
              <test-case id="1273" name="Load_WhenNoFile_ReturnsDefaultWithCurrentSchema" fullname="MergeWater.Tests.EditMode.SaveServiceTests.Load_WhenNoFile_ReturnsDefaultWithCurrentSchema" methodname="Load_WhenNoFile_ReturnsDefaultWithCurrentSchema" classname="MergeWater.Tests.EditMode.SaveServiceTests" runstate="Runnable" seed="786810630" result="Passed" start-time="2026-09-13 13:35:52Z" end-time="2026-09-13 13:35:52Z" duration="0.000423" asserts="0">
                <properties />
              </test-case>
              <test-case id="1277" name="Save_WritesCurrentSchemaVersionAndRoundTrips" fullname="MergeWater.Tests.EditMode.SaveServiceTests.Save_WritesCurrentSchemaVersionAndRoundTrips" methodname="Save_WritesCurrentSchemaVersionAndRoundTrips" classname="MergeWater.Tests.EditMode.SaveServiceTests" runstate="Runnable" seed="277266337" result="Passed" start-time="2026-09-13 13:35:52Z" end-time="2026-09-13 13:35:52Z" duration="0.000357" asserts="0">
                <properties />
              </test-case>
            </test-suite>
            <test-suite type="TestFixture" id="1196" name="SceneAssetTests" fullname="MergeWater.Tests.EditMode.SceneAssetTests" classname="MergeWater.Tests.EditMode.SceneAssetTests" runstate="Runnable" testcasecount="7" result="Passed" start-time="2026-09-13 13:35:52Z" end-time="2026-09-13 13:35:52Z" duration="0.168973" total="7" passed="7" failed="0" inconclusive="0" skipped="0" asserts="0">
              <properties />
              <test-case id="1200" name="Backdrop_IsBehindEveryWorldElement" fullname="MergeWater.Tests.EditMode.SceneAssetTests.Backdrop_IsBehindEveryWorldElement" methodname="Backdrop_IsBehindEveryWorldElement" classname="MergeWater.Tests.EditMode.SceneAssetTests" runstate="Runnable" seed="1478527504" result="Passed" start-time="2026-09-13 13:35:52Z" end-time="2026-09-13 13:35:52Z" duration="0.026018" asserts="0">
                <properties />
              </test-case>
              <test-case id="1198" name="Bootstrapper_SerializedReferencesAreWired" fullname="MergeWater.Tests.EditMode.SceneAssetTests.Bootstrapper_SerializedReferencesAreWired" methodname="Bootstrapper_SerializedReferencesAreWired" classname="MergeWater.Tests.EditMode.SceneAssetTests" runstate="Runnable" seed="512175927" result="Passed" start-time="2026-09-13 13:35:52Z" end-time="2026-09-13 13:35:52Z" duration="0.022145" asserts="0">
                <properties />
              </test-case>
              <test-case id="1199" name="HudView_RequiredElementsAreWired" fullname="MergeWater.Tests.EditMode.SceneAssetTests.HudView_RequiredElementsAreWired" methodname="HudView_RequiredElementsAreWired" classname="MergeWater.Tests.EditMode.SceneAssetTests" runstate="Runnable" seed="1999847360" result="Passed" start-time="2026-09-13 13:35:52Z" end-time="2026-09-13 13:35:52Z" duration="0.021281" asserts="0">
                <properties />
              </test-case>
              <test-case id="1197" name="MainScene_ContainsBootstrapperFieldAimCanvasAndPresentation" fullname="MergeWater.Tests.EditMode.SceneAssetTests.MainScene_ContainsBootstrapperFieldAimCanvasAndPresentation" methodname="MainScene_ContainsBootstrapperFieldAimCanvasAndPresentation" classname="MergeWater.Tests.EditMode.SceneAssetTests" runstate="Runnable" seed="1379554276" result="Passed" start-time="2026-09-13 13:35:52Z" end-time="2026-09-13 13:35:52Z" duration="0.026058" asserts="0">
                <properties />
              </test-case>
              <test-case id="1201" name="MainScene_HasNoBottomBannerOrCrossPromotionSlots" fullname="MergeWater.Tests.EditMode.SceneAssetTests.MainScene_HasNoBottomBannerOrCrossPromotionSlots" methodname="MainScene_HasNoBottomBannerOrCrossPromotionSlots" classname="MergeWater.Tests.EditMode.SceneAssetTests" runstate="Runnable" seed="571748295" result="Passed" start-time="2026-09-13 13:35:52Z" end-time="2026-09-13 13:35:52Z" duration="0.020717" asserts="0">
                <properties />
              </test-case>
              <test-case id="1203" name="MainScene_HasNoReferencesToMissingScripts" fullname="MergeWater.Tests.EditMode.SceneAssetTests.MainScene_HasNoReferencesToMissingScripts" methodname="MainScene_HasNoReferencesToMissingScripts" classname="MergeWater.Tests.EditMode.SceneAssetTests" runstate="Runnable" seed="491928307" result="Passed" start-time="2026-09-13 13:35:52Z" end-time="2026-09-13 13:35:52Z" duration="0.028418" asserts="0">
                <properties />
              </test-case>
              <test-case id="1202" name="MainScene_IsInBuildSettings" fullname="MergeWater.Tests.EditMode.SceneAssetTests.MainScene_IsInBuildSettings" methodname="MainScene_IsInBuildSettings" classname="MergeWater.Tests.EditMode.SceneAssetTests" runstate="Runnable" seed="693469644" result="Passed" start-time="2026-09-13 13:35:52Z" end-time="2026-09-13 13:35:52Z" duration="0.020777" asserts="0">
                <properties />
              </test-case>
            </test-suite>
            <test-suite type="TestFixture" id="1232" name="ScoreRulesTests" fullname="MergeWater.Tests.EditMode.ScoreRulesTests" classname="MergeWater.Tests.EditMode.ScoreRulesTests" runstate="Runnable" testcasecount="6" result="Passed" start-time="2026-09-13 13:35:52Z" end-time="2026-09-13 13:35:52Z" duration="0.006504" total="6" passed="6" failed="0" inconclusive="0" skipped="0" asserts="0">
              <properties />
              <test-case id="1237" name="CanMerge_OutOfRangeLevels_AreFalse" fullname="MergeWater.Tests.EditMode.ScoreRulesTests.CanMerge_OutOfRangeLevels_AreFalse" methodname="CanMerge_OutOfRangeLevels_AreFalse" classname="MergeWater.Tests.EditMode.ScoreRulesTests" runstate="Runnable" seed="627460303" result="Passed" start-time="2026-09-13 13:35:52Z" end-time="2026-09-13 13:35:52Z" duration="0.000477" asserts="0">
                <properties />
              </test-case>
              <test-case id="1236" name="CanMerge_TopTier_IsFalse" fullname="MergeWater.Tests.EditMode.ScoreRulesTests.CanMerge_TopTier_IsFalse" methodname="CanMerge_TopTier_IsFalse" classname="MergeWater.Tests.EditMode.ScoreRulesTests" runstate="Runnable" seed="146162520" result="Passed" start-time="2026-09-13 13:35:52Z" end-time="2026-09-13 13:35:52Z" duration="0.000338" asserts="0">
                <properties />
              </test-case>
              <test-case id="1238" name="MaxTier_IsTen" fullname="MergeWater.Tests.EditMode.ScoreRulesTests.MaxTier_IsTen" methodname="MaxTier_IsTen" classname="MergeWater.Tests.EditMode.ScoreRulesTests" runstate="Runnable" seed="632402877" result="Passed" start-time="2026-09-13 13:35:52Z" end-time="2026-09-13 13:35:52Z" duration="0.000319" asserts="0">
                <properties />
              </test-case>
              <test-case id="1233" name="ScoreFor_AppliesMultiplierAndRounds" fullname="MergeWater.Tests.EditMode.ScoreRulesTests.ScoreFor_AppliesMultiplierAndRounds" methodname="ScoreFor_AppliesMultiplierAndRounds" classname="MergeWater.Tests.EditMode.ScoreRulesTests" runstate="Runnable" seed="1879273354" result="Passed" start-time="2026-09-13 13:35:52Z" end-time="2026-09-13 13:35:52Z" duration="0.000367" asserts="0">
                <properties />
              </test-case>
              <test-case id="1235" name="ScoreFor_NonPositiveMultiplier_FallsBackToOne" fullname="MergeWater.Tests.EditMode.ScoreRulesTests.ScoreFor_NonPositiveMultiplier_FallsBackToOne" methodname="ScoreFor_NonPositiveMultiplier_FallsBackToOne" classname="MergeWater.Tests.EditMode.ScoreRulesTests" runstate="Runnable" seed="186661406" result="Passed" start-time="2026-09-13 13:35:52Z" end-time="2026-09-13 13:35:52Z" duration="0.000254" asserts="0">
                <properties />
              </test-case>
              <test-case id="1234" name="ScoreFor_UnknownLevel_ReturnsZero" fullname="MergeWater.Tests.EditMode.ScoreRulesTests.ScoreFor_UnknownLevel_ReturnsZero" methodname="ScoreFor_UnknownLevel_ReturnsZero" classname="MergeWater.Tests.EditMode.ScoreRulesTests" runstate="Runnable" seed="1024009033" result="Passed" start-time="2026-09-13 13:35:52Z" end-time="2026-09-13 13:35:52Z" duration="0.000295" asserts="0">
                <properties />
              </test-case>
            </test-suite>
            <test-suite type="TestFixture" id="1239" name="StageProgressTests" fullname="MergeWater.Tests.EditMode.StageProgressTests" classname="MergeWater.Tests.EditMode.StageProgressTests" runstate="Runnable" testcasecount="6" result="Passed" start-time="2026-09-13 13:35:52Z" end-time="2026-09-13 13:35:52Z" duration="0.004402" total="6" passed="6" failed="0" inconclusive="0" skipped="0" asserts="0">
              <properties />
              <test-case id="1241" name="Advance_BelowFirstMilestone_ReturnsNothing" fullname="MergeWater.Tests.EditMode.StageProgressTests.Advance_BelowFirstMilestone_ReturnsNothing" methodname="Advance_BelowFirstMilestone_ReturnsNothing" classname="MergeWater.Tests.EditMode.StageProgressTests" runstate="Runnable" seed="28146490" result="Passed" start-time="2026-09-13 13:35:52Z" end-time="2026-09-13 13:35:52Z" duration="0.000426" asserts="0">
                <properties />
              </test-case>
              <test-case id="1240" name="Advance_CrossingMultipleMilestones_ReturnsEachOnce" fullname="MergeWater.Tests.EditMode.StageProgressTests.Advance_CrossingMultipleMilestones_ReturnsEachOnce" methodname="Advance_CrossingMultipleMilestones_ReturnsEachOnce" classname="MergeWater.Tests.EditMode.StageProgressTests" runstate="Runnable" seed="902429279" result="Passed" start-time="2026-09-13 13:35:52Z" end-time="2026-09-13 13:35:52Z" duration="0.000372" asserts="0">
                <properties />
              </test-case>
              <test-case id="1245" name="Constructor_WithNullBalance_YieldsEmptyMilestones" fullname="MergeWater.Tests.EditMode.StageProgressTests.Constructor_WithNullBalance_YieldsEmptyMilestones" methodname="Constructor_WithNullBalance_YieldsEmptyMilestones" classname="MergeWater.Tests.EditMode.StageProgressTests" runstate="Runnable" seed="1843954905" result="Passed" start-time="2026-09-13 13:35:52Z" end-time="2026-09-13 13:35:52Z" duration="0.000344" asserts="0">
                <properties />
              </test-case>
              <test-case id="1244" name="GetNormalizedProgress_IsZeroAtStart_OneWhenAllReached" fullname="MergeWater.Tests.EditMode.StageProgressTests.GetNormalizedProgress_IsZeroAtStart_OneWhenAllReached" methodname="GetNormalizedProgress_IsZeroAtStart_OneWhenAllReached" classname="MergeWater.Tests.EditMode.StageProgressTests" runstate="Runnable" seed="648473571" result="Passed" start-time="2026-09-13 13:35:52Z" end-time="2026-09-13 13:35:52Z" duration="0.000462" asserts="0">
                <properties />
              </test-case>
              <test-case id="1242" name="Reset_AllowsMilestonesToBeGrantedAgainInNextRound" fullname="MergeWater.Tests.EditMode.StageProgressTests.Reset_AllowsMilestonesToBeGrantedAgainInNextRound" methodname="Reset_AllowsMilestonesToBeGrantedAgainInNextRound" classname="MergeWater.Tests.EditMode.StageProgressTests" runstate="Runnable" seed="1731986114" result="Passed" start-time="2026-09-13 13:35:52Z" end-time="2026-09-13 13:35:52Z" duration="0.000238" asserts="0">
                <properties />
              </test-case>
              <test-case id="1243" name="TryGetNext_TracksRemainingMilestones" fullname="MergeWater.Tests.EditMode.StageProgressTests.TryGetNext_TracksRemainingMilestones" methodname="TryGetNext_TracksRemainingMilestones" classname="MergeWater.Tests.EditMode.StageProgressTests" runstate="Runnable" seed="783694227" result="Passed" start-time="2026-09-13 13:35:52Z" end-time="2026-09-13 13:35:52Z" duration="0.000313" asserts="0">
                <properties />
              </test-case>
            </test-suite>
            <test-suite type="TestFixture" id="1299" name="TMPFontAssetTests" fullname="MergeWater.Tests.EditMode.TMPFontAssetTests" classname="MergeWater.Tests.EditMode.TMPFontAssetTests" runstate="Runnable" testcasecount="3" result="Passed" start-time="2026-09-13 13:35:52Z" end-time="2026-09-13 13:35:52Z" duration="0.037750" total="3" passed="3" failed="0" inconclusive="0" skipped="0" asserts="0">
              <properties />
              <test-case id="1301" name="BundledFont_CoversRequiredTexts_AndPrintablePunctuation" fullname="MergeWater.Tests.EditMode.TMPFontAssetTests.BundledFont_CoversRequiredTexts_AndPrintablePunctuation" methodname="BundledFont_CoversRequiredTexts_AndPrintablePunctuation" classname="MergeWater.Tests.EditMode.TMPFontAssetTests" runstate="Runnable" seed="946671755" result="Passed" start-time="2026-09-13 13:35:52Z" end-time="2026-09-13 13:35:52Z" duration="0.008427" asserts="0">
                <properties />
              </test-case>
              <test-case id="1300" name="BundledFont_Exists_IsStatic_AndSingleAtlas" fullname="MergeWater.Tests.EditMode.TMPFontAssetTests.BundledFont_Exists_IsStatic_AndSingleAtlas" methodname="BundledFont_Exists_IsStatic_AndSingleAtlas" classname="MergeWater.Tests.EditMode.TMPFontAssetTests" runstate="Runnable" seed="90822660" result="Passed" start-time="2026-09-13 13:35:52Z" end-time="2026-09-13 13:35:52Z" duration="0.001708" asserts="0">
                <properties />
              </test-case>
              <test-case id="1302" name="EveryTmpText_InMainScene_UsesBundledFont_WithNoDanglingMaterial" fullname="MergeWater.Tests.EditMode.TMPFontAssetTests.EveryTmpText_InMainScene_UsesBundledFont_WithNoDanglingMaterial" methodname="EveryTmpText_InMainScene_UsesBundledFont_WithNoDanglingMaterial" classname="MergeWater.Tests.EditMode.TMPFontAssetTests" runstate="Runnable" seed="1746519429" result="Passed" start-time="2026-09-13 13:35:52Z" end-time="2026-09-13 13:35:52Z" duration="0.025914" asserts="0">
                <properties />
              </test-case>
            </test-suite>
            <test-suite type="TestFixture" id="1303" name="UiArtSlicingTests" fullname="MergeWater.Tests.EditMode.UiArtSlicingTests" classname="MergeWater.Tests.EditMode.UiArtSlicingTests" runstate="Runnable" testcasecount="2" result="Passed" start-time="2026-09-13 13:35:52Z" end-time="2026-09-13 13:35:52Z" duration="0.052224" total="2" passed="2" failed="0" inconclusive="0" skipped="0" asserts="0">
              <properties />
              <test-case id="1304" name="ArtWithNineSliceBorder_IsImportedAtCanvasReferencePixelsPerUnit" fullname="MergeWater.Tests.EditMode.UiArtSlicingTests.ArtWithNineSliceBorder_IsImportedAtCanvasReferencePixelsPerUnit" methodname="ArtWithNineSliceBorder_IsImportedAtCanvasReferencePixelsPerUnit" classname="MergeWater.Tests.EditMode.UiArtSlicingTests" runstate="Runnable" seed="1694304988" result="Passed" start-time="2026-09-13 13:35:52Z" end-time="2026-09-13 13:35:52Z" duration="0.027380" asserts="0">
                <properties />
              </test-case>
              <test-case id="1305" name="SceneSlicedImages_DoNotClampTheirBordersIntoTheWholeRect" fullname="MergeWater.Tests.EditMode.UiArtSlicingTests.SceneSlicedImages_DoNotClampTheirBordersIntoTheWholeRect" methodname="SceneSlicedImages_DoNotClampTheirBordersIntoTheWholeRect" classname="MergeWater.Tests.EditMode.UiArtSlicingTests" runstate="Runnable" seed="1946030741" result="Passed" start-time="2026-09-13 13:35:52Z" end-time="2026-09-13 13:35:52Z" duration="0.022129" asserts="0">
                <properties />
              </test-case>
            </test-suite>
          </test-suite>
        </test-suite>
      </test-suite>
    </test-suite>
  </test-suite>
</test-run>