<?xml version="1.0" encoding="utf-8"?>
<test-run id="2" testcasecount="128" result="Passed" total="128" passed="128" failed="0" inconclusive="0" skipped="0" asserts="0" engine-version="3.5.0.0" clr-version="4.0.30319.42000" start-time="2026-09-13 07:12:09Z" end-time="2026-09-13 07:12:11Z" duration="1.0390451">
  <test-suite type="TestSuite" id="1159" name="MergeWater" fullname="MergeWater" runstate="Runnable" testcasecount="128" result="Passed" start-time="2026-09-13 07:12:09Z" end-time="2026-09-13 07:12:11Z" duration="1.039045" total="128" passed="128" failed="0" inconclusive="0" skipped="0" asserts="0">
    <properties />
    <test-suite type="Assembly" id="1309" name="MergeWater.Tests.EditMode.dll" fullname="E:/MergeWaterVerify/Library/ScriptAssemblies/MergeWater.Tests.EditMode.dll" runstate="Runnable" testcasecount="128" result="Passed" start-time="2026-09-13 07:12:10Z" end-time="2026-09-13 07:12:11Z" duration="1.019258" total="128" passed="128" failed="0" inconclusive="0" skipped="0" asserts="0">
      <properties>
        <property name="_PID" value="24308" />
        <property name="_APPDOMAIN" value="Unity Child Domain" />
        <property name="platform" value="EditMode" />
      </properties>
      <test-suite type="TestSuite" id="1310" name="MergeWater" fullname="MergeWater" runstate="Runnable" testcasecount="128" result="Passed" start-time="2026-09-13 07:12:10Z" end-time="2026-09-13 07:12:11Z" duration="1.016747" total="128" passed="128" failed="0" inconclusive="0" skipped="0" asserts="0">
        <properties />
        <test-suite type="TestSuite" id="1311" name="Tests" fullname="MergeWater.Tests" runstate="Runnable" testcasecount="128" result="Passed" start-time="2026-09-13 07:12:10Z" end-time="2026-09-13 07:12:11Z" duration="1.014265" total="128" passed="128" failed="0" inconclusive="0" skipped="0" asserts="0">
          <properties />
          <test-suite type="TestSuite" id="1312" name="EditMode" fullname="MergeWater.Tests.EditMode" runstate="Runnable" testcasecount="128" result="Passed" start-time="2026-09-13 07:12:10Z" end-time="2026-09-13 07:12:11Z" duration="1.008392" total="128" passed="128" failed="0" inconclusive="0" skipped="0" asserts="0">
            <properties />
            <test-suite type="TestFixture" id="1160" name="AimSolverTests" fullname="MergeWater.Tests.EditMode.AimSolverTests" classname="MergeWater.Tests.EditMode.AimSolverTests" runstate="Runnable" testcasecount="8" result="Passed" start-time="2026-09-13 07:12:10Z" end-time="2026-09-13 07:12:10Z" duration="0.034256" total="8" passed="8" failed="0" inconclusive="0" skipped="0" asserts="0">
              <properties />
              <test-case id="1161" name="ClampX_KeepsDropInsideBoundsAccountingForRadius" fullname="MergeWater.Tests.EditMode.AimSolverTests.ClampX_KeepsDropInsideBoundsAccountingForRadius" methodname="ClampX_KeepsDropInsideBoundsAccountingForRadius" classname="MergeWater.Tests.EditMode.AimSolverTests" runstate="Runnable" seed="434316069" result="Passed" start-time="2026-09-13 07:12:10Z" end-time="2026-09-13 07:12:10Z" duration="0.011480" asserts="0">
                <properties />
              </test-case>
              <test-case id="1162" name="ClampX_WhenBoundsInvert_ReturnsMidpoint" fullname="MergeWater.Tests.EditMode.AimSolverTests.ClampX_WhenBoundsInvert_ReturnsMidpoint" methodname="ClampX_WhenBoundsInvert_ReturnsMidpoint" classname="MergeWater.Tests.EditMode.AimSolverTests" runstate="Runnable" seed="103841456" result="Passed" start-time="2026-09-13 07:12:10Z" end-time="2026-09-13 07:12:10Z" duration="0.000426" asserts="0">
                <properties />
              </test-case>
              <test-case id="1163" name="ClampX_WithoutRadius_MatchesRawBounds" fullname="MergeWater.Tests.EditMode.AimSolverTests.ClampX_WithoutRadius_MatchesRawBounds" methodname="ClampX_WithoutRadius_MatchesRawBounds" classname="MergeWater.Tests.EditMode.AimSolverTests" runstate="Runnable" seed="1915990570" result="Passed" start-time="2026-09-13 07:12:10Z" end-time="2026-09-13 07:12:10Z" duration="0.000184" asserts="0">
                <properties />
              </test-case>
              <test-case id="1164" name="NormalizeX_IsWithinZeroToOne" fullname="MergeWater.Tests.EditMode.AimSolverTests.NormalizeX_IsWithinZeroToOne" methodname="NormalizeX_IsWithinZeroToOne" classname="MergeWater.Tests.EditMode.AimSolverTests" runstate="Runnable" seed="181244306" result="Passed" start-time="2026-09-13 07:12:10Z" end-time="2026-09-13 07:12:10Z" duration="0.000376" asserts="0">
                <properties />
              </test-case>
              <test-case id="1165" name="SampleTrajectory_ReturnsOrderedPoints_AndRespectsMaxTime" fullname="MergeWater.Tests.EditMode.AimSolverTests.SampleTrajectory_ReturnsOrderedPoints_AndRespectsMaxTime" methodname="SampleTrajectory_ReturnsOrderedPoints_AndRespectsMaxTime" classname="MergeWater.Tests.EditMode.AimSolverTests" runstate="Runnable" seed="1104190651" result="Passed" start-time="2026-09-13 07:12:10Z" end-time="2026-09-13 07:12:10Z" duration="0.005867" asserts="0">
                <properties />
              </test-case>
              <test-case id="1167" name="SampleTrajectory_WithInitialHorizontalVelocity_ProducesParabola" fullname="MergeWater.Tests.EditMode.AimSolverTests.SampleTrajectory_WithInitialHorizontalVelocity_ProducesParabola" methodname="SampleTrajectory_WithInitialHorizontalVelocity_ProducesParabola" classname="MergeWater.Tests.EditMode.AimSolverTests" runstate="Runnable" seed="816884237" result="Passed" start-time="2026-09-13 07:12:10Z" end-time="2026-09-13 07:12:10Z" duration="0.000380" asserts="0">
                <properties />
              </test-case>
              <test-case id="1168" name="SampleTrajectory_WithNullOutput_ReturnsZero" fullname="MergeWater.Tests.EditMode.AimSolverTests.SampleTrajectory_WithNullOutput_ReturnsZero" methodname="SampleTrajectory_WithNullOutput_ReturnsZero" classname="MergeWater.Tests.EditMode.AimSolverTests" runstate="Runnable" seed="830537969" result="Passed" start-time="2026-09-13 07:12:10Z" end-time="2026-09-13 07:12:10Z" duration="0.000193" asserts="0">
                <properties />
              </test-case>
              <test-case id="1166" name="SampleTrajectory_WithZeroGravity_ReturnsTwoPoints" fullname="MergeWater.Tests.EditMode.AimSolverTests.SampleTrajectory_WithZeroGravity_ReturnsTwoPoints" methodname="SampleTrajectory_WithZeroGravity_ReturnsTwoPoints" classname="MergeWater.Tests.EditMode.AimSolverTests" runstate="Runnable" seed="1341979057" result="Passed" start-time="2026-09-13 07:12:10Z" end-time="2026-09-13 07:12:10Z" duration="0.000316" asserts="0">
                <properties />
              </test-case>
            </test-suite>
            <test-suite type="TestFixture" id="1269" name="BackdropViewTests" fullname="MergeWater.Tests.EditMode.BackdropViewTests" classname="MergeWater.Tests.EditMode.BackdropViewTests" runstate="Runnable" testcasecount="5" result="Passed" start-time="2026-09-13 07:12:10Z" end-time="2026-09-13 07:12:10Z" duration="0.022630" total="5" passed="5" failed="0" inconclusive="0" skipped="0" asserts="0">
              <properties />
              <test-suite type="ParameterizedMethod" id="1273" name="Backdrop_CoversWholeCameraView" fullname="MergeWater.Tests.EditMode.BackdropViewTests.Backdrop_CoversWholeCameraView" classname="MergeWater.Tests.EditMode.BackdropViewTests" runstate="Runnable" testcasecount="3" result="Passed" start-time="2026-09-13 07:12:10Z" end-time="2026-09-13 07:12:10Z" duration="0.017276" total="3" passed="3" failed="0" inconclusive="0" skipped="0" asserts="0">
                <properties />
                <test-case id="1270" name="Backdrop_CoversWholeCameraView_竖屏" fullname="MergeWater.Tests.EditMode.BackdropViewTests.Backdrop_CoversWholeCameraView_竖屏" methodname="Backdrop_CoversWholeCameraView" classname="MergeWater.Tests.EditMode.BackdropViewTests" runstate="Runnable" seed="1934179172" result="Passed" start-time="2026-09-13 07:12:10Z" end-time="2026-09-13 07:12:10Z" duration="0.012736" asserts="0">
                  <properties />
                </test-case>
                <test-case id="1271" name="Backdrop_CoversWholeCameraView_横屏" fullname="MergeWater.Tests.EditMode.BackdropViewTests.Backdrop_CoversWholeCameraView_横屏" methodname="Backdrop_CoversWholeCameraView" classname="MergeWater.Tests.EditMode.BackdropViewTests" runstate="Runnable" seed="66164227" result="Passed" start-time="2026-09-13 07:12:10Z" end-time="2026-09-13 07:12:10Z" duration="0.000396" asserts="0">
                  <properties />
                </test-case>
                <test-case id="1272" name="Backdrop_CoversWholeCameraView_正方形" fullname="MergeWater.Tests.EditMode.BackdropViewTests.Backdrop_CoversWholeCameraView_正方形" methodname="Backdrop_CoversWholeCameraView" classname="MergeWater.Tests.EditMode.BackdropViewTests" runstate="Runnable" seed="1455327927" result="Passed" start-time="2026-09-13 07:12:10Z" end-time="2026-09-13 07:12:10Z" duration="0.000322" asserts="0">
                  <properties />
                </test-case>
              </test-suite>
              <test-case id="1274" name="Backdrop_RefitsWhenCameraAspectChanges" fullname="MergeWater.Tests.EditMode.BackdropViewTests.Backdrop_RefitsWhenCameraAspectChanges" methodname="Backdrop_RefitsWhenCameraAspectChanges" classname="MergeWater.Tests.EditMode.BackdropViewTests" runstate="Runnable" seed="685030715" result="Passed" start-time="2026-09-13 07:12:10Z" end-time="2026-09-13 07:12:10Z" duration="0.001002" asserts="0">
                <properties />
              </test-case>
              <test-case id="1275" name="Backdrop_WithoutSprite_DoesNotThrow" fullname="MergeWater.Tests.EditMode.BackdropViewTests.Backdrop_WithoutSprite_DoesNotThrow" methodname="Backdrop_WithoutSprite_DoesNotThrow" classname="MergeWater.Tests.EditMode.BackdropViewTests" runstate="Runnable" seed="1310854258" result="Passed" start-time="2026-09-13 07:12:10Z" end-time="2026-09-13 07:12:10Z" duration="0.002479" asserts="0">
                <properties />
              </test-case>
            </test-suite>
            <test-suite type="TestFixture" id="1276" name="ComboPitchTests" fullname="MergeWater.Tests.EditMode.ComboPitchTests" classname="MergeWater.Tests.EditMode.ComboPitchTests" runstate="Runnable" testcasecount="3" result="Passed" start-time="2026-09-13 07:12:10Z" end-time="2026-09-13 07:12:10Z" duration="0.004836" total="3" passed="3" failed="0" inconclusive="0" skipped="0" asserts="0">
              <properties />
              <test-case id="1277" name="ComboPitch_AddsSemitonePerCombo_CappedAtOneOctave" fullname="MergeWater.Tests.EditMode.ComboPitchTests.ComboPitch_AddsSemitonePerCombo_CappedAtOneOctave" methodname="ComboPitch_AddsSemitonePerCombo_CappedAtOneOctave" classname="MergeWater.Tests.EditMode.ComboPitchTests" runstate="Runnable" seed="469399035" result="Passed" start-time="2026-09-13 07:12:10Z" end-time="2026-09-13 07:12:10Z" duration="0.000716" asserts="0">
                <properties />
              </test-case>
              <test-case id="1278" name="HitStopSeconds_GrowsWithCombo_AndStaysWithinV223Range" fullname="MergeWater.Tests.EditMode.ComboPitchTests.HitStopSeconds_GrowsWithCombo_AndStaysWithinV223Range" methodname="HitStopSeconds_GrowsWithCombo_AndStaysWithinV223Range" classname="MergeWater.Tests.EditMode.ComboPitchTests" runstate="Runnable" seed="696041352" result="Passed" start-time="2026-09-13 07:12:10Z" end-time="2026-09-13 07:12:10Z" duration="0.002519" asserts="0">
                <properties />
              </test-case>
              <test-case id="1279" name="ShakeTier_IsThreeLevels" fullname="MergeWater.Tests.EditMode.ComboPitchTests.ShakeTier_IsThreeLevels" methodname="ShakeTier_IsThreeLevels" classname="MergeWater.Tests.EditMode.ComboPitchTests" runstate="Runnable" seed="23048596" result="Passed" start-time="2026-09-13 07:12:10Z" end-time="2026-09-13 07:12:10Z" duration="0.000323" asserts="0">
                <properties />
              </test-case>
            </test-suite>
            <test-suite type="TestFixture" id="1193" name="ComboTrackerTests" fullname="MergeWater.Tests.EditMode.ComboTrackerTests" classname="MergeWater.Tests.EditMode.ComboTrackerTests" runstate="Runnable" testcasecount="6" result="Passed" start-time="2026-09-13 07:12:10Z" end-time="2026-09-13 07:12:10Z" duration="0.003545" total="6" passed="6" failed="0" inconclusive="0" skipped="0" asserts="0">
              <properties />
              <test-case id="1195" name="Advance_BeyondWindow_ResetsCombo" fullname="MergeWater.Tests.EditMode.ComboTrackerTests.Advance_BeyondWindow_ResetsCombo" methodname="Advance_BeyondWindow_ResetsCombo" classname="MergeWater.Tests.EditMode.ComboTrackerTests" runstate="Runnable" seed="2104416713" result="Passed" start-time="2026-09-13 07:12:10Z" end-time="2026-09-13 07:12:10Z" duration="0.000746" asserts="0">
                <properties />
              </test-case>
              <test-case id="1196" name="Advance_ExactlyAtWindowBoundary_DoesNotReset" fullname="MergeWater.Tests.EditMode.ComboTrackerTests.Advance_ExactlyAtWindowBoundary_DoesNotReset" methodname="Advance_ExactlyAtWindowBoundary_DoesNotReset" classname="MergeWater.Tests.EditMode.ComboTrackerTests" runstate="Runnable" seed="575563706" result="Passed" start-time="2026-09-13 07:12:10Z" end-time="2026-09-13 07:12:10Z" duration="0.000186" asserts="0">
                <properties />
              </test-case>
              <test-case id="1198" name="Advance_NonPositiveDelta_IsIgnored" fullname="MergeWater.Tests.EditMode.ComboTrackerTests.Advance_NonPositiveDelta_IsIgnored" methodname="Advance_NonPositiveDelta_IsIgnored" classname="MergeWater.Tests.EditMode.ComboTrackerTests" runstate="Runnable" seed="405785502" result="Passed" start-time="2026-09-13 07:12:10Z" end-time="2026-09-13 07:12:10Z" duration="0.000180" asserts="0">
                <properties />
              </test-case>
              <test-case id="1197" name="RegisterMerge_AfterReset_RestartsFromOne" fullname="MergeWater.Tests.EditMode.ComboTrackerTests.RegisterMerge_AfterReset_RestartsFromOne" methodname="RegisterMerge_AfterReset_RestartsFromOne" classname="MergeWater.Tests.EditMode.ComboTrackerTests" runstate="Runnable" seed="1180463635" result="Passed" start-time="2026-09-13 07:12:10Z" end-time="2026-09-13 07:12:10Z" duration="0.000213" asserts="0">
                <properties />
              </test-case>
              <test-case id="1194" name="RegisterMerge_WithinWindow_IncrementsAndCapsMultiplier" fullname="MergeWater.Tests.EditMode.ComboTrackerTests.RegisterMerge_WithinWindow_IncrementsAndCapsMultiplier" methodname="RegisterMerge_WithinWindow_IncrementsAndCapsMultiplier" classname="MergeWater.Tests.EditMode.ComboTrackerTests" runstate="Runnable" seed="798161485" result="Passed" start-time="2026-09-13 07:12:10Z" end-time="2026-09-13 07:12:10Z" duration="0.000306" asserts="0">
                <properties />
              </test-case>
              <test-case id="1199" name="Reset_ClearsComboAndMultiplier" fullname="MergeWater.Tests.EditMode.ComboTrackerTests.Reset_ClearsComboAndMultiplier" methodname="Reset_ClearsComboAndMultiplier" classname="MergeWater.Tests.EditMode.ComboTrackerTests" runstate="Runnable" seed="1730033150" result="Passed" start-time="2026-09-13 07:12:10Z" end-time="2026-09-13 07:12:10Z" duration="0.000194" asserts="0">
                <properties />
              </test-case>
            </test-suite>
            <test-suite type="TestFixture" id="1169" name="ConfigAssetTests" fullname="MergeWater.Tests.EditMode.ConfigAssetTests" classname="MergeWater.Tests.EditMode.ConfigAssetTests" runstate="Runnable" testcasecount="3" result="Passed" start-time="2026-09-13 07:12:10Z" end-time="2026-09-13 07:12:10Z" duration="0.012943" total="3" passed="3" failed="0" inconclusive="0" skipped="0" asserts="0">
              <properties />
              <test-case id="1170" name="GameBalanceAsset_Exists_AndMatchesCodeDefault" fullname="MergeWater.Tests.EditMode.ConfigAssetTests.GameBalanceAsset_Exists_AndMatchesCodeDefault" methodname="GameBalanceAsset_Exists_AndMatchesCodeDefault" classname="MergeWater.Tests.EditMode.ConfigAssetTests" runstate="Runnable" seed="205286962" result="Passed" start-time="2026-09-13 07:12:10Z" end-time="2026-09-13 07:12:10Z" duration="0.007558" asserts="0">
                <properties />
              </test-case>
              <test-case id="1171" name="MetaSettingsAsset_Exists_WithExpectedDefaults" fullname="MergeWater.Tests.EditMode.ConfigAssetTests.MetaSettingsAsset_Exists_WithExpectedDefaults" methodname="MetaSettingsAsset_Exists_WithExpectedDefaults" classname="MergeWater.Tests.EditMode.ConfigAssetTests" runstate="Runnable" seed="1140861005" result="Passed" start-time="2026-09-13 07:12:10Z" end-time="2026-09-13 07:12:10Z" duration="0.001720" asserts="0">
                <properties />
              </test-case>
              <test-case id="1172" name="PlaceholderArt_ExistsAndImportsAsSprite" fullname="MergeWater.Tests.EditMode.ConfigAssetTests.PlaceholderArt_ExistsAndImportsAsSprite" methodname="PlaceholderArt_ExistsAndImportsAsSprite" classname="MergeWater.Tests.EditMode.ConfigAssetTests" runstate="Runnable" seed="8651717" result="Passed" start-time="2026-09-13 07:12:10Z" end-time="2026-09-13 07:12:10Z" duration="0.002404" asserts="0">
                <properties />
              </test-case>
            </test-suite>
            <test-suite type="TestFixture" id="1200" name="DropQueueTests" fullname="MergeWater.Tests.EditMode.DropQueueTests" classname="MergeWater.Tests.EditMode.DropQueueTests" runstate="Runnable" testcasecount="6" result="Passed" start-time="2026-09-13 07:12:10Z" end-time="2026-09-13 07:12:10Z" duration="0.026867" total="6" passed="6" failed="0" inconclusive="0" skipped="0" asserts="0">
              <properties />
              <test-case id="1206" name="DifferentSeeds_ProduceDifferentSequences" fullname="MergeWater.Tests.EditMode.DropQueueTests.DifferentSeeds_ProduceDifferentSequences" methodname="DifferentSeeds_ProduceDifferentSequences" classname="MergeWater.Tests.EditMode.DropQueueTests" runstate="Runnable" seed="164597818" result="Passed" start-time="2026-09-13 07:12:10Z" end-time="2026-09-13 07:12:10Z" duration="0.001299" asserts="0">
                <properties />
              </test-case>
              <test-case id="1202" name="Next_AfterTwentyDrops_CanProduceTierThree" fullname="MergeWater.Tests.EditMode.DropQueueTests.Next_AfterTwentyDrops_CanProduceTierThree" methodname="Next_AfterTwentyDrops_CanProduceTierThree" classname="MergeWater.Tests.EditMode.DropQueueTests" runstate="Runnable" seed="1695750236" result="Passed" start-time="2026-09-13 07:12:10Z" end-time="2026-09-13 07:12:10Z" duration="0.000234" asserts="0">
                <properties />
              </test-case>
              <test-case id="1203" name="Next_AtSixtyDropsAndBeyond_KeepsSamePool" fullname="MergeWater.Tests.EditMode.DropQueueTests.Next_AtSixtyDropsAndBeyond_KeepsSamePool" methodname="Next_AtSixtyDropsAndBeyond_KeepsSamePool" classname="MergeWater.Tests.EditMode.DropQueueTests" runstate="Runnable" seed="1014011212" result="Passed" start-time="2026-09-13 07:12:10Z" end-time="2026-09-13 07:12:10Z" duration="0.005602" asserts="0">
                <properties />
              </test-case>
              <test-case id="1201" name="Next_FirstTwentyDrops_OnlyTierOneOrTwo" fullname="MergeWater.Tests.EditMode.DropQueueTests.Next_FirstTwentyDrops_OnlyTierOneOrTwo" methodname="Next_FirstTwentyDrops_OnlyTierOneOrTwo" classname="MergeWater.Tests.EditMode.DropQueueTests" runstate="Runnable" seed="1954956688" result="Passed" start-time="2026-09-13 07:12:10Z" end-time="2026-09-13 07:12:10Z" duration="0.001311" asserts="0">
                <properties />
              </test-case>
              <test-case id="1204" name="Next_WeightDistribution_MatchesV1WithinTolerance" fullname="MergeWater.Tests.EditMode.DropQueueTests.Next_WeightDistribution_MatchesV1WithinTolerance" methodname="Next_WeightDistribution_MatchesV1WithinTolerance" classname="MergeWater.Tests.EditMode.DropQueueTests" runstate="Runnable" seed="277317763" result="Passed" start-time="2026-09-13 07:12:10Z" end-time="2026-09-13 07:12:10Z" duration="0.015431" asserts="0">
                <properties />
              </test-case>
              <test-case id="1205" name="SameSeed_ProducesReproducibleSequence" fullname="MergeWater.Tests.EditMode.DropQueueTests.SameSeed_ProducesReproducibleSequence" methodname="SameSeed_ProducesReproducibleSequence" classname="MergeWater.Tests.EditMode.DropQueueTests" runstate="Runnable" seed="306331351" result="Passed" start-time="2026-09-13 07:12:10Z" end-time="2026-09-13 07:12:10Z" duration="0.001022" asserts="0">
                <properties />
              </test-case>
            </test-suite>
            <test-suite type="TestFixture" id="1235" name="EconomyTests" fullname="MergeWater.Tests.EditMode.EconomyTests" classname="MergeWater.Tests.EditMode.EconomyTests" runstate="Runnable" testcasecount="13" result="Passed" start-time="2026-09-13 07:12:10Z" end-time="2026-09-13 07:12:10Z" duration="0.024843" total="13" passed="13" failed="0" inconclusive="0" skipped="0" asserts="0">
              <properties />
              <test-case id="1239" name="DailyLimits_ResetOnNextLocalDay" fullname="MergeWater.Tests.EditMode.EconomyTests.DailyLimits_ResetOnNextLocalDay" methodname="DailyLimits_ResetOnNextLocalDay" classname="MergeWater.Tests.EditMode.EconomyTests" runstate="Runnable" seed="180441405" result="Passed" start-time="2026-09-13 07:12:10Z" end-time="2026-09-13 07:12:10Z" duration="0.005953" asserts="0">
                <properties />
              </test-case>
              <test-case id="1245" name="Gift_OncePerDay_AndRequiresCompletedAd" fullname="MergeWater.Tests.EditMode.EconomyTests.Gift_OncePerDay_AndRequiresCompletedAd" methodname="Gift_OncePerDay_AndRequiresCompletedAd" classname="MergeWater.Tests.EditMode.EconomyTests" runstate="Runnable" seed="913973183" result="Passed" start-time="2026-09-13 07:12:10Z" end-time="2026-09-13 07:12:10Z" duration="0.002425" asserts="0">
                <properties />
              </test-case>
              <test-case id="1236" name="Grant_BeyondDailyCap_IsRejected_AndSpendBelowZero_IsRejected" fullname="MergeWater.Tests.EditMode.EconomyTests.Grant_BeyondDailyCap_IsRejected_AndSpendBelowZero_IsRejected" methodname="Grant_BeyondDailyCap_IsRejected_AndSpendBelowZero_IsRejected" classname="MergeWater.Tests.EditMode.EconomyTests" runstate="Runnable" seed="110899481" result="Passed" start-time="2026-09-13 07:12:10Z" end-time="2026-09-13 07:12:10Z" duration="0.000723" asserts="0">
                <properties />
              </test-case>
              <test-case id="1238" name="GrantGiftBundle_GrantsThreeItems_OncePerDay" fullname="MergeWater.Tests.EditMode.EconomyTests.GrantGiftBundle_GrantsThreeItems_OncePerDay" methodname="GrantGiftBundle_GrantsThreeItems_OncePerDay" classname="MergeWater.Tests.EditMode.EconomyTests" runstate="Runnable" seed="1971401535" result="Passed" start-time="2026-09-13 07:12:10Z" end-time="2026-09-13 07:12:10Z" duration="0.000385" asserts="0">
                <properties />
              </test-case>
              <test-case id="1240" name="GrantUnlimited_IgnoresDailyCap" fullname="MergeWater.Tests.EditMode.EconomyTests.GrantUnlimited_IgnoresDailyCap" methodname="GrantUnlimited_IgnoresDailyCap" classname="MergeWater.Tests.EditMode.EconomyTests" runstate="Runnable" seed="1658979300" result="Passed" start-time="2026-09-13 07:12:10Z" end-time="2026-09-13 07:12:10Z" duration="0.000408" asserts="0">
                <properties />
              </test-case>
              <test-case id="1246" name="Interstitial_ShowsAtMostOncePerThreeGames_AndRespectsToggle" fullname="MergeWater.Tests.EditMode.EconomyTests.Interstitial_ShowsAtMostOncePerThreeGames_AndRespectsToggle" methodname="Interstitial_ShowsAtMostOncePerThreeGames_AndRespectsToggle" classname="MergeWater.Tests.EditMode.EconomyTests" runstate="Runnable" seed="252282889" result="Passed" start-time="2026-09-13 07:12:10Z" end-time="2026-09-13 07:12:10Z" duration="0.002466" asserts="0">
                <properties />
              </test-case>
              <test-case id="1237" name="ItemDailyCaps_MatchV213ToV215" fullname="MergeWater.Tests.EditMode.EconomyTests.ItemDailyCaps_MatchV213ToV215" methodname="ItemDailyCaps_MatchV213ToV215" classname="MergeWater.Tests.EditMode.EconomyTests" runstate="Runnable" seed="1607936366" result="Passed" start-time="2026-09-13 07:12:10Z" end-time="2026-09-13 07:12:10Z" duration="0.000752" asserts="0">
                <properties />
              </test-case>
              <test-case id="1243" name="ItemGrant_RespectsDailyCap_RegardlessOfAdsAvailability" fullname="MergeWater.Tests.EditMode.EconomyTests.ItemGrant_RespectsDailyCap_RegardlessOfAdsAvailability" methodname="ItemGrant_RespectsDailyCap_RegardlessOfAdsAvailability" classname="MergeWater.Tests.EditMode.EconomyTests" runstate="Runnable" seed="1392132019" result="Passed" start-time="2026-09-13 07:12:10Z" end-time="2026-09-13 07:12:10Z" duration="0.001238" asserts="0">
                <properties />
              </test-case>
              <test-case id="1244" name="ItemGrant_WhenAdSkipped_DoesNotGrant" fullname="MergeWater.Tests.EditMode.EconomyTests.ItemGrant_WhenAdSkipped_DoesNotGrant" methodname="ItemGrant_WhenAdSkipped_DoesNotGrant" classname="MergeWater.Tests.EditMode.EconomyTests" runstate="Runnable" seed="734058208" result="Passed" start-time="2026-09-13 07:12:10Z" end-time="2026-09-13 07:12:10Z" duration="0.000467" asserts="0">
                <properties />
              </test-case>
              <test-case id="1242" name="Revive_OfflinePolicy_FollowsOfflineGrantAll" fullname="MergeWater.Tests.EditMode.EconomyTests.Revive_OfflinePolicy_FollowsOfflineGrantAll" methodname="Revive_OfflinePolicy_FollowsOfflineGrantAll" classname="MergeWater.Tests.EditMode.EconomyTests" runstate="Runnable" seed="2026176191" result="Passed" start-time="2026-09-13 07:12:10Z" end-time="2026-09-13 07:12:10Z" duration="0.000739" asserts="0">
                <properties />
              </test-case>
              <test-case id="1241" name="Revive_RespectsNinetySecondGlobalCooldown" fullname="MergeWater.Tests.EditMode.EconomyTests.Revive_RespectsNinetySecondGlobalCooldown" methodname="Revive_RespectsNinetySecondGlobalCooldown" classname="MergeWater.Tests.EditMode.EconomyTests" runstate="Runnable" seed="620577545" result="Passed" start-time="2026-09-13 07:12:10Z" end-time="2026-09-13 07:12:10Z" duration="0.001419" asserts="0">
                <properties />
              </test-case>
              <test-case id="1248" name="RoundFinished_AccumulatesGamesAndBestScore" fullname="MergeWater.Tests.EditMode.EconomyTests.RoundFinished_AccumulatesGamesAndBestScore" methodname="RoundFinished_AccumulatesGamesAndBestScore" classname="MergeWater.Tests.EditMode.EconomyTests" runstate="Runnable" seed="1363992162" result="Passed" start-time="2026-09-13 07:12:10Z" end-time="2026-09-13 07:12:10Z" duration="0.001195" asserts="0">
                <properties />
              </test-case>
              <test-case id="1247" name="ShareChallenge_FirstSucceeds_ThenCooldownForSixtySeconds" fullname="MergeWater.Tests.EditMode.EconomyTests.ShareChallenge_FirstSucceeds_ThenCooldownForSixtySeconds" methodname="ShareChallenge_FirstSucceeds_ThenCooldownForSixtySeconds" classname="MergeWater.Tests.EditMode.EconomyTests" runstate="Runnable" seed="16490782" result="Passed" start-time="2026-09-13 07:12:10Z" end-time="2026-09-13 07:12:10Z" duration="0.002311" asserts="0">
                <properties />
              </test-case>
            </test-suite>
            <test-suite type="TestFixture" id="1173" name="FruitArtAssetTests" fullname="MergeWater.Tests.EditMode.FruitArtAssetTests" classname="MergeWater.Tests.EditMode.FruitArtAssetTests" runstate="Runnable" testcasecount="2" result="Passed" start-time="2026-09-13 07:12:10Z" end-time="2026-09-13 07:12:10Z" duration="0.017412" total="2" passed="2" failed="0" inconclusive="0" skipped="0" asserts="0">
              <properties />
              <test-case id="1174" name="PlanetSprite_ExistsForEveryTier_WithMatchingImportSettings" fullname="MergeWater.Tests.EditMode.FruitArtAssetTests.PlanetSprite_ExistsForEveryTier_WithMatchingImportSettings" methodname="PlanetSprite_ExistsForEveryTier_WithMatchingImportSettings" classname="MergeWater.Tests.EditMode.FruitArtAssetTests" runstate="Runnable" seed="1067483254" result="Passed" start-time="2026-09-13 07:12:10Z" end-time="2026-09-13 07:12:10Z" duration="0.011868" asserts="0">
                <properties />
              </test-case>
              <test-case id="1175" name="ResourcesFolder_HoldsOnlyArtThatIsLoadedAtRuntime" fullname="MergeWater.Tests.EditMode.FruitArtAssetTests.ResourcesFolder_HoldsOnlyArtThatIsLoadedAtRuntime" methodname="ResourcesFolder_HoldsOnlyArtThatIsLoadedAtRuntime" classname="MergeWater.Tests.EditMode.FruitArtAssetTests" runstate="Runnable" seed="2052908900" result="Passed" start-time="2026-09-13 07:12:10Z" end-time="2026-09-13 07:12:10Z" duration="0.004162" asserts="0">
                <properties />
              </test-case>
            </test-suite>
            <test-suite type="TestFixture" id="1207" name="FruitArtTests" fullname="MergeWater.Tests.EditMode.FruitArtTests" classname="MergeWater.Tests.EditMode.FruitArtTests" runstate="Runnable" testcasecount="6" result="Passed" start-time="2026-09-13 07:12:10Z" end-time="2026-09-13 07:12:10Z" duration="0.016047" total="6" passed="6" failed="0" inconclusive="0" skipped="0" asserts="0">
              <properties />
              <test-case id="1212" name="EmptyArtSet_FallsBackForEveryTier" fullname="MergeWater.Tests.EditMode.FruitArtTests.EmptyArtSet_FallsBackForEveryTier" methodname="EmptyArtSet_FallsBackForEveryTier" classname="MergeWater.Tests.EditMode.FruitArtTests" runstate="Runnable" seed="1249421057" result="Passed" start-time="2026-09-13 07:12:10Z" end-time="2026-09-13 07:12:10Z" duration="0.001872" asserts="0">
                <properties />
              </test-case>
              <test-case id="1208" name="ForLevel_UsesSpriteIndexedByLevel" fullname="MergeWater.Tests.EditMode.FruitArtTests.ForLevel_UsesSpriteIndexedByLevel" methodname="ForLevel_UsesSpriteIndexedByLevel" classname="MergeWater.Tests.EditMode.FruitArtTests" runstate="Runnable" seed="1004208846" result="Passed" start-time="2026-09-13 07:12:10Z" end-time="2026-09-13 07:12:10Z" duration="0.000541" asserts="0">
                <properties />
              </test-case>
              <test-case id="1213" name="LoadPlanetSprites_ResolvesOneSpritePerTier_ByNamingConvention" fullname="MergeWater.Tests.EditMode.FruitArtTests.LoadPlanetSprites_ResolvesOneSpritePerTier_ByNamingConvention" methodname="LoadPlanetSprites_ResolvesOneSpritePerTier_ByNamingConvention" classname="MergeWater.Tests.EditMode.FruitArtTests" runstate="Runnable" seed="1684271924" result="Passed" start-time="2026-09-13 07:12:10Z" end-time="2026-09-13 07:12:10Z" duration="0.009136" asserts="0">
                <properties />
              </test-case>
              <test-case id="1211" name="OutOfRangeLevel_FallsBackWithoutThrowing" fullname="MergeWater.Tests.EditMode.FruitArtTests.OutOfRangeLevel_FallsBackWithoutThrowing" methodname="OutOfRangeLevel_FallsBackWithoutThrowing" classname="MergeWater.Tests.EditMode.FruitArtTests" runstate="Runnable" seed="1379075904" result="Passed" start-time="2026-09-13 07:12:10Z" end-time="2026-09-13 07:12:10Z" duration="0.000744" asserts="0">
                <properties />
              </test-case>
              <test-case id="1209" name="WithArt_DoesNotTint_SoEachFruitKeepsItsOwnColors" fullname="MergeWater.Tests.EditMode.FruitArtTests.WithArt_DoesNotTint_SoEachFruitKeepsItsOwnColors" methodname="WithArt_DoesNotTint_SoEachFruitKeepsItsOwnColors" classname="MergeWater.Tests.EditMode.FruitArtTests" runstate="Runnable" seed="1437877685" result="Passed" start-time="2026-09-13 07:12:10Z" end-time="2026-09-13 07:12:10Z" duration="0.000864" asserts="0">
                <properties />
              </test-case>
              <test-case id="1210" name="WithoutArt_FallsBackToPlaceholder_AndKeepsPaletteTint" fullname="MergeWater.Tests.EditMode.FruitArtTests.WithoutArt_FallsBackToPlaceholder_AndKeepsPaletteTint" methodname="WithoutArt_FallsBackToPlaceholder_AndKeepsPaletteTint" classname="MergeWater.Tests.EditMode.FruitArtTests" runstate="Runnable" seed="1456113224" result="Passed" start-time="2026-09-13 07:12:10Z" end-time="2026-09-13 07:12:10Z" duration="0.000756" asserts="0">
                <properties />
              </test-case>
            </test-suite>
            <test-suite type="TestFixture" id="1214" name="GameBalanceTests" fullname="MergeWater.Tests.EditMode.GameBalanceTests" classname="MergeWater.Tests.EditMode.GameBalanceTests" runstate="Runnable" testcasecount="6" result="Passed" start-time="2026-09-13 07:12:10Z" end-time="2026-09-13 07:12:10Z" duration="0.006501" total="6" passed="6" failed="0" inconclusive="0" skipped="0" asserts="0">
              <properties />
              <test-case id="1219" name="Clone_IsDeepCopy_AndDoesNotShareArrays" fullname="MergeWater.Tests.EditMode.GameBalanceTests.Clone_IsDeepCopy_AndDoesNotShareArrays" methodname="Clone_IsDeepCopy_AndDoesNotShareArrays" classname="MergeWater.Tests.EditMode.GameBalanceTests" runstate="Runnable" seed="185846078" result="Passed" start-time="2026-09-13 07:12:10Z" end-time="2026-09-13 07:12:10Z" duration="0.000607" asserts="0">
                <properties />
              </test-case>
              <test-case id="1220" name="Default_FeelAndRuleValues_MatchV2" fullname="MergeWater.Tests.EditMode.GameBalanceTests.Default_FeelAndRuleValues_MatchV2" methodname="Default_FeelAndRuleValues_MatchV2" classname="MergeWater.Tests.EditMode.GameBalanceTests" runstate="Runnable" seed="754072112" result="Passed" start-time="2026-09-13 07:12:10Z" end-time="2026-09-13 07:12:10Z" duration="0.000734" asserts="0">
                <properties />
              </test-case>
              <test-case id="1215" name="Default_MatchesRequirementsV1Table" fullname="MergeWater.Tests.EditMode.GameBalanceTests.Default_MatchesRequirementsV1Table" methodname="Default_MatchesRequirementsV1Table" classname="MergeWater.Tests.EditMode.GameBalanceTests" runstate="Runnable" seed="803635563" result="Passed" start-time="2026-09-13 07:12:10Z" end-time="2026-09-13 07:12:10Z" duration="0.000616" asserts="0">
                <properties />
              </test-case>
              <test-case id="1218" name="Default_StageMilestones_MatchV218" fullname="MergeWater.Tests.EditMode.GameBalanceTests.Default_StageMilestones_MatchV218" methodname="Default_StageMilestones_MatchV218" classname="MergeWater.Tests.EditMode.GameBalanceTests" runstate="Runnable" seed="636896086" result="Passed" start-time="2026-09-13 07:12:10Z" end-time="2026-09-13 07:12:10Z" duration="0.001125" asserts="0">
                <properties />
              </test-case>
              <test-case id="1216" name="Default_Tiers_AreMonotonicAndWeightsSumToOne" fullname="MergeWater.Tests.EditMode.GameBalanceTests.Default_Tiers_AreMonotonicAndWeightsSumToOne" methodname="Default_Tiers_AreMonotonicAndWeightsSumToOne" classname="MergeWater.Tests.EditMode.GameBalanceTests" runstate="Runnable" seed="1643176299" result="Passed" start-time="2026-09-13 07:12:10Z" end-time="2026-09-13 07:12:10Z" duration="0.000795" asserts="0">
                <properties />
              </test-case>
              <test-case id="1217" name="GetTier_OutOfRange_ReturnsInvalidDefaultWithoutThrowing" fullname="MergeWater.Tests.EditMode.GameBalanceTests.GetTier_OutOfRange_ReturnsInvalidDefaultWithoutThrowing" methodname="GetTier_OutOfRange_ReturnsInvalidDefaultWithoutThrowing" classname="MergeWater.Tests.EditMode.GameBalanceTests" runstate="Runnable" seed="606095953" result="Passed" start-time="2026-09-13 07:12:10Z" end-time="2026-09-13 07:12:10Z" duration="0.000331" asserts="0">
                <properties />
              </test-case>
            </test-suite>
            <test-suite type="TestFixture" id="1176" name="HudLayoutTests" fullname="MergeWater.Tests.EditMode.HudLayoutTests" classname="MergeWater.Tests.EditMode.HudLayoutTests" runstate="Runnable" testcasecount="8" result="Passed" start-time="2026-09-13 07:12:10Z" end-time="2026-09-13 07:12:10Z" duration="0.400673" total="8" passed="8" failed="0" inconclusive="0" skipped="0" asserts="0">
              <properties />
              <test-case id="1177" name="AllVisibleHudElements_FitInsideDesignCanvas" fullname="MergeWater.Tests.EditMode.HudLayoutTests.AllVisibleHudElements_FitInsideDesignCanvas" methodname="AllVisibleHudElements_FitInsideDesignCanvas" classname="MergeWater.Tests.EditMode.HudLayoutTests" runstate="Runnable" seed="2088633340" result="Passed" start-time="2026-09-13 07:12:10Z" end-time="2026-09-13 07:12:10Z" duration="0.181798" asserts="0">
                <properties />
              </test-case>
              <test-case id="1181" name="BottomBand_IsClearOfHudElements" fullname="MergeWater.Tests.EditMode.HudLayoutTests.BottomBand_IsClearOfHudElements" methodname="BottomBand_IsClearOfHudElements" classname="MergeWater.Tests.EditMode.HudLayoutTests" runstate="Runnable" seed="1420222077" result="Passed" start-time="2026-09-13 07:12:10Z" end-time="2026-09-13 07:12:10Z" duration="0.029699" asserts="0">
                <properties />
              </test-case>
              <test-case id="1183" name="Canvas_UsesPortraitReferenceResolution" fullname="MergeWater.Tests.EditMode.HudLayoutTests.Canvas_UsesPortraitReferenceResolution" methodname="Canvas_UsesPortraitReferenceResolution" classname="MergeWater.Tests.EditMode.HudLayoutTests" runstate="Runnable" seed="1450132929" result="Passed" start-time="2026-09-13 07:12:10Z" end-time="2026-09-13 07:12:10Z" duration="0.034426" asserts="0">
                <properties />
              </test-case>
              <test-case id="1184" name="NoOpaqueFullScreenGraphic_HidesTheGameWorld" fullname="MergeWater.Tests.EditMode.HudLayoutTests.NoOpaqueFullScreenGraphic_HidesTheGameWorld" methodname="NoOpaqueFullScreenGraphic_HidesTheGameWorld" classname="MergeWater.Tests.EditMode.HudLayoutTests" runstate="Runnable" seed="1928453197" result="Passed" start-time="2026-09-13 07:12:10Z" end-time="2026-09-13 07:12:10Z" duration="0.039841" asserts="0">
                <properties />
              </test-case>
              <test-case id="1180" name="SettingsPanel_BottomBlock_SitsAboveTheBottomEdgeWithBalancedSpacing" fullname="MergeWater.Tests.EditMode.HudLayoutTests.SettingsPanel_BottomBlock_SitsAboveTheBottomEdgeWithBalancedSpacing" methodname="SettingsPanel_BottomBlock_SitsAboveTheBottomEdgeWithBalancedSpacing" classname="MergeWater.Tests.EditMode.HudLayoutTests" runstate="Runnable" seed="1815415123" result="Passed" start-time="2026-09-13 07:12:10Z" end-time="2026-09-13 07:12:10Z" duration="0.031455" asserts="0">
                <properties />
              </test-case>
              <test-case id="1182" name="SideEntries_SitOnTheirOwnHalf" fullname="MergeWater.Tests.EditMode.HudLayoutTests.SideEntries_SitOnTheirOwnHalf" methodname="SideEntries_SitOnTheirOwnHalf" classname="MergeWater.Tests.EditMode.HudLayoutTests" runstate="Runnable" seed="974136407" result="Passed" start-time="2026-09-13 07:12:10Z" end-time="2026-09-13 07:12:10Z" duration="0.025093" asserts="0">
                <properties />
              </test-case>
              <test-case id="1178" name="TopAnchoredElements_UseSameSidePivot_SoTheyAreNotClipped" fullname="MergeWater.Tests.EditMode.HudLayoutTests.TopAnchoredElements_UseSameSidePivot_SoTheyAreNotClipped" methodname="TopAnchoredElements_UseSameSidePivot_SoTheyAreNotClipped" classname="MergeWater.Tests.EditMode.HudLayoutTests" runstate="Runnable" seed="507929482" result="Passed" start-time="2026-09-13 07:12:10Z" end-time="2026-09-13 07:12:10Z" duration="0.027583" asserts="0">
                <properties />
              </test-case>
              <test-case id="1179" name="TopBar_DoesNotEnterWeChatCapsuleZone" fullname="MergeWater.Tests.EditMode.HudLayoutTests.TopBar_DoesNotEnterWeChatCapsuleZone" methodname="TopBar_DoesNotEnterWeChatCapsuleZone" classname="MergeWater.Tests.EditMode.HudLayoutTests" runstate="Runnable" seed="794317233" result="Passed" start-time="2026-09-13 07:12:10Z" end-time="2026-09-13 07:12:10Z" duration="0.027003" asserts="0">
                <properties />
              </test-case>
            </test-suite>
            <test-suite type="TestFixture" id="1249" name="MetaServiceTests" fullname="MergeWater.Tests.EditMode.MetaServiceTests" classname="MergeWater.Tests.EditMode.MetaServiceTests" runstate="Runnable" testcasecount="11" result="Passed" start-time="2026-09-13 07:12:10Z" end-time="2026-09-13 07:12:10Z" duration="0.025373" total="11" passed="11" failed="0" inconclusive="0" skipped="0" asserts="0">
              <properties />
              <test-case id="1260" name="AdsServiceProxy_BeforeSwap_BehavesAsUnavailable" fullname="MergeWater.Tests.EditMode.MetaServiceTests.AdsServiceProxy_BeforeSwap_BehavesAsUnavailable" methodname="AdsServiceProxy_BeforeSwap_BehavesAsUnavailable" classname="MergeWater.Tests.EditMode.MetaServiceTests" runstate="Runnable" seed="581776830" result="Passed" start-time="2026-09-13 07:12:10Z" end-time="2026-09-13 07:12:10Z" duration="0.001917" asserts="0">
                <properties />
              </test-case>
              <test-case id="1257" name="Analytics_AfterInitialize_RecordsNameAndParameters" fullname="MergeWater.Tests.EditMode.MetaServiceTests.Analytics_AfterInitialize_RecordsNameAndParameters" methodname="Analytics_AfterInitialize_RecordsNameAndParameters" classname="MergeWater.Tests.EditMode.MetaServiceTests" runstate="Runnable" seed="278392963" result="Passed" start-time="2026-09-13 07:12:10Z" end-time="2026-09-13 07:12:10Z" duration="0.002657" asserts="0">
                <properties />
              </test-case>
              <test-case id="1256" name="Analytics_BeforeInitialize_IsIgnored" fullname="MergeWater.Tests.EditMode.MetaServiceTests.Analytics_BeforeInitialize_IsIgnored" methodname="Analytics_BeforeInitialize_IsIgnored" classname="MergeWater.Tests.EditMode.MetaServiceTests" runstate="Runnable" seed="1001949909" result="Passed" start-time="2026-09-13 07:12:10Z" end-time="2026-09-13 07:12:10Z" duration="0.000551" asserts="0">
                <properties />
              </test-case>
              <test-case id="1258" name="Analytics_WhenSinkThrows_DoesNotThrow" fullname="MergeWater.Tests.EditMode.MetaServiceTests.Analytics_WhenSinkThrows_DoesNotThrow" methodname="Analytics_WhenSinkThrows_DoesNotThrow" classname="MergeWater.Tests.EditMode.MetaServiceTests" runstate="Runnable" seed="2429728" result="Passed" start-time="2026-09-13 07:12:10Z" end-time="2026-09-13 07:12:10Z" duration="0.005444" asserts="0">
                <properties />
                <output><![CDATA[[Analytics] Sink 写入失败，已忽略后续错误：sink failure
]]></output>
              </test-case>
              <test-case id="1252" name="Leaderboard_IsSelfBeaten_OnlyWhenFriendScoreHigher" fullname="MergeWater.Tests.EditMode.MetaServiceTests.Leaderboard_IsSelfBeaten_OnlyWhenFriendScoreHigher" methodname="Leaderboard_IsSelfBeaten_OnlyWhenFriendScoreHigher" classname="MergeWater.Tests.EditMode.MetaServiceTests" runstate="Runnable" seed="511522191" result="Passed" start-time="2026-09-13 07:12:10Z" end-time="2026-09-13 07:12:10Z" duration="0.001449" asserts="0">
                <properties />
              </test-case>
              <test-case id="1251" name="Leaderboard_Submit_DoesNotLowerExistingScore_AndIgnoresZero" fullname="MergeWater.Tests.EditMode.MetaServiceTests.Leaderboard_Submit_DoesNotLowerExistingScore_AndIgnoresZero" methodname="Leaderboard_Submit_DoesNotLowerExistingScore_AndIgnoresZero" classname="MergeWater.Tests.EditMode.MetaServiceTests" runstate="Runnable" seed="1275348544" result="Passed" start-time="2026-09-13 07:12:10Z" end-time="2026-09-13 07:12:10Z" duration="0.000529" asserts="0">
                <properties />
              </test-case>
              <test-case id="1250" name="Leaderboard_Submit_OrdersByScore_AndGetTopRespectsPageSize" fullname="MergeWater.Tests.EditMode.MetaServiceTests.Leaderboard_Submit_OrdersByScore_AndGetTopRespectsPageSize" methodname="Leaderboard_Submit_OrdersByScore_AndGetTopRespectsPageSize" classname="MergeWater.Tests.EditMode.MetaServiceTests" runstate="Runnable" seed="932445291" result="Passed" start-time="2026-09-13 07:12:10Z" end-time="2026-09-13 07:12:10Z" duration="0.000829" asserts="0">
                <properties />
              </test-case>
              <test-case id="1253" name="Leaderboard_TrimsToMaxEntries" fullname="MergeWater.Tests.EditMode.MetaServiceTests.Leaderboard_TrimsToMaxEntries" methodname="Leaderboard_TrimsToMaxEntries" classname="MergeWater.Tests.EditMode.MetaServiceTests" runstate="Runnable" seed="1639063966" result="Passed" start-time="2026-09-13 07:12:10Z" end-time="2026-09-13 07:12:10Z" duration="0.000676" asserts="0">
                <properties />
              </test-case>
              <test-case id="1259" name="NullAnalytics_NeverInitializesOrRecords" fullname="MergeWater.Tests.EditMode.MetaServiceTests.NullAnalytics_NeverInitializesOrRecords" methodname="NullAnalytics_NeverInitializesOrRecords" classname="MergeWater.Tests.EditMode.MetaServiceTests" runstate="Runnable" seed="760263479" result="Passed" start-time="2026-09-13 07:12:10Z" end-time="2026-09-13 07:12:10Z" duration="0.000522" asserts="0">
                <properties />
              </test-case>
              <test-case id="1254" name="PrivacyGate_BeforeAccept_Blocks_AfterAccept_Persists" fullname="MergeWater.Tests.EditMode.MetaServiceTests.PrivacyGate_BeforeAccept_Blocks_AfterAccept_Persists" methodname="PrivacyGate_BeforeAccept_Blocks_AfterAccept_Persists" classname="MergeWater.Tests.EditMode.MetaServiceTests" runstate="Runnable" seed="769219614" result="Passed" start-time="2026-09-13 07:12:10Z" end-time="2026-09-13 07:12:10Z" duration="0.001248" asserts="0">
                <properties />
              </test-case>
              <test-case id="1255" name="Settings_Persist_AndClearCacheResetsEverything" fullname="MergeWater.Tests.EditMode.MetaServiceTests.Settings_Persist_AndClearCacheResetsEverything" methodname="Settings_Persist_AndClearCacheResetsEverything" classname="MergeWater.Tests.EditMode.MetaServiceTests" runstate="Runnable" seed="1319284815" result="Passed" start-time="2026-09-13 07:12:10Z" end-time="2026-09-13 07:12:10Z" duration="0.001389" asserts="0">
                <properties />
              </test-case>
            </test-suite>
            <test-suite type="TestSuite" id="1313" name="Presentation" fullname="MergeWater.Tests.EditMode.Presentation" runstate="Runnable" testcasecount="3" result="Passed" start-time="2026-09-13 07:12:10Z" end-time="2026-09-13 07:12:10Z" duration="0.013209" total="3" passed="3" failed="0" inconclusive="0" skipped="0" asserts="0">
              <properties />
              <test-suite type="TestFixture" id="1305" name="UiSourceOfTruthTests" fullname="MergeWater.Tests.EditMode.Presentation.UiSourceOfTruthTests" classname="MergeWater.Tests.EditMode.Presentation.UiSourceOfTruthTests" runstate="Runnable" testcasecount="3" result="Passed" start-time="2026-09-13 07:12:10Z" end-time="2026-09-13 07:12:10Z" duration="0.012493" total="3" passed="3" failed="0" inconclusive="0" skipped="0" asserts="0">
                <properties />
                <test-case id="1308" name="HudViewFields_AreFilledFromTheSceneNotFromCode" fullname="MergeWater.Tests.EditMode.Presentation.UiSourceOfTruthTests.HudViewFields_AreFilledFromTheSceneNotFromCode" methodname="HudViewFields_AreFilledFromTheSceneNotFromCode" classname="MergeWater.Tests.EditMode.Presentation.UiSourceOfTruthTests" runstate="Runnable" seed="1491577045" result="Passed" start-time="2026-09-13 07:12:10Z" end-time="2026-09-13 07:12:10Z" duration="0.001374" asserts="0">
                  <properties />
                </test-case>
                <test-case id="1306" name="RuntimeAssemblies_DoNotContainTheUiBuilder" fullname="MergeWater.Tests.EditMode.Presentation.UiSourceOfTruthTests.RuntimeAssemblies_DoNotContainTheUiBuilder" methodname="RuntimeAssemblies_DoNotContainTheUiBuilder" classname="MergeWater.Tests.EditMode.Presentation.UiSourceOfTruthTests" runstate="Runnable" seed="740181810" result="Passed" start-time="2026-09-13 07:12:10Z" end-time="2026-09-13 07:12:10Z" duration="0.003570" asserts="0">
                  <properties />
                </test-case>
                <test-case id="1307" name="RuntimeAssemblies_DoNotReferenceTheUiBuilder" fullname="MergeWater.Tests.EditMode.Presentation.UiSourceOfTruthTests.RuntimeAssemblies_DoNotReferenceTheUiBuilder" methodname="RuntimeAssemblies_DoNotReferenceTheUiBuilder" classname="MergeWater.Tests.EditMode.Presentation.UiSourceOfTruthTests" runstate="Runnable" seed="816236816" result="Passed" start-time="2026-09-13 07:12:10Z" end-time="2026-09-13 07:12:10Z" duration="0.002554" asserts="0">
                  <properties />
                </test-case>
              </test-suite>
            </test-suite>
            <test-suite type="TestFixture" id="1287" name="RoundSessionTests" fullname="MergeWater.Tests.EditMode.RoundSessionTests" classname="MergeWater.Tests.EditMode.RoundSessionTests" runstate="Runnable" testcasecount="17" result="Passed" start-time="2026-09-13 07:12:10Z" end-time="2026-09-13 07:12:10Z" duration="0.028789" total="17" passed="17" failed="0" inconclusive="0" skipped="0" asserts="0">
              <properties />
              <test-case id="1297" name="ApplyRevive_OnFirstCall_RemovesClusterAndResumes_SecondCallIsRejected" fullname="MergeWater.Tests.EditMode.RoundSessionTests.ApplyRevive_OnFirstCall_RemovesClusterAndResumes_SecondCallIsRejected" methodname="ApplyRevive_OnFirstCall_RemovesClusterAndResumes_SecondCallIsRejected" classname="MergeWater.Tests.EditMode.RoundSessionTests" runstate="Runnable" seed="205558033" result="Passed" start-time="2026-09-13 07:12:10Z" end-time="2026-09-13 07:12:10Z" duration="0.006411" asserts="0">
                <properties />
              </test-case>
              <test-case id="1298" name="ApplyRevive_WhenNotInReviving_ReturnsNotInGameOver_AndChangesNothing" fullname="MergeWater.Tests.EditMode.RoundSessionTests.ApplyRevive_WhenNotInReviving_ReturnsNotInGameOver_AndChangesNothing" methodname="ApplyRevive_WhenNotInReviving_ReturnsNotInGameOver_AndChangesNothing" classname="MergeWater.Tests.EditMode.RoundSessionTests" runstate="Runnable" seed="1357520632" result="Passed" start-time="2026-09-13 07:12:10Z" end-time="2026-09-13 07:12:10Z" duration="0.000924" asserts="0">
                <properties />
              </test-case>
              <test-case id="1292" name="Combo_WithinThreeSeconds_IncreasesThenResetsAfterWindow" fullname="MergeWater.Tests.EditMode.RoundSessionTests.Combo_WithinThreeSeconds_IncreasesThenResetsAfterWindow" methodname="Combo_WithinThreeSeconds_IncreasesThenResetsAfterWindow" classname="MergeWater.Tests.EditMode.RoundSessionTests" runstate="Runnable" seed="693710663" result="Passed" start-time="2026-09-13 07:12:10Z" end-time="2026-09-13 07:12:10Z" duration="0.002969" asserts="0">
                <properties />
              </test-case>
              <test-case id="1294" name="Danger_AfterReviveUsed_SecondFailureGoesToGameOver" fullname="MergeWater.Tests.EditMode.RoundSessionTests.Danger_AfterReviveUsed_SecondFailureGoesToGameOver" methodname="Danger_AfterReviveUsed_SecondFailureGoesToGameOver" classname="MergeWater.Tests.EditMode.RoundSessionTests" runstate="Runnable" seed="472699827" result="Passed" start-time="2026-09-13 07:12:10Z" end-time="2026-09-13 07:12:10Z" duration="0.000705" asserts="0">
                <properties />
              </test-case>
              <test-case id="1293" name="Danger_RequiresContinuousOnePointTwoSeconds_ThenEntersRevivingPage" fullname="MergeWater.Tests.EditMode.RoundSessionTests.Danger_RequiresContinuousOnePointTwoSeconds_ThenEntersRevivingPage" methodname="Danger_RequiresContinuousOnePointTwoSeconds_ThenEntersRevivingPage" classname="MergeWater.Tests.EditMode.RoundSessionTests" runstate="Runnable" seed="608859720" result="Passed" start-time="2026-09-13 07:12:10Z" end-time="2026-09-13 07:12:10Z" duration="0.000653" asserts="0">
                <properties />
              </test-case>
              <test-case id="1295" name="Danger_TimerResets_WhenViolationClears" fullname="MergeWater.Tests.EditMode.RoundSessionTests.Danger_TimerResets_WhenViolationClears" methodname="Danger_TimerResets_WhenViolationClears" classname="MergeWater.Tests.EditMode.RoundSessionTests" runstate="Runnable" seed="1997084310" result="Passed" start-time="2026-09-13 07:12:10Z" end-time="2026-09-13 07:12:10Z" duration="0.000500" asserts="0">
                <properties />
              </test-case>
              <test-case id="1296" name="DangerEvents_ArePairedOncePerViolationEpisode" fullname="MergeWater.Tests.EditMode.RoundSessionTests.DangerEvents_ArePairedOncePerViolationEpisode" methodname="DangerEvents_ArePairedOncePerViolationEpisode" classname="MergeWater.Tests.EditMode.RoundSessionTests" runstate="Runnable" seed="645810281" result="Passed" start-time="2026-09-13 07:12:10Z" end-time="2026-09-13 07:12:10Z" duration="0.000702" asserts="0">
                <properties />
              </test-case>
              <test-case id="1304" name="Dispose_UnsubscribesFromField" fullname="MergeWater.Tests.EditMode.RoundSessionTests.Dispose_UnsubscribesFromField" methodname="Dispose_UnsubscribesFromField" classname="MergeWater.Tests.EditMode.RoundSessionTests" runstate="Runnable" seed="1936725291" result="Passed" start-time="2026-09-13 07:12:10Z" end-time="2026-09-13 07:12:10Z" duration="0.000398" asserts="0">
                <properties />
              </test-case>
              <test-case id="1302" name="DropCooldown_BlocksImmediateSecondDrop_ThenAllowsAfterTick" fullname="MergeWater.Tests.EditMode.RoundSessionTests.DropCooldown_BlocksImmediateSecondDrop_ThenAllowsAfterTick" methodname="DropCooldown_BlocksImmediateSecondDrop_ThenAllowsAfterTick" classname="MergeWater.Tests.EditMode.RoundSessionTests" runstate="Runnable" seed="1489172000" result="Passed" start-time="2026-09-13 07:12:10Z" end-time="2026-09-13 07:12:10Z" duration="0.000482" asserts="0">
                <properties />
              </test-case>
              <test-case id="1291" name="Merged_AddsScoreWithMultiplier_AndTracksBestScore" fullname="MergeWater.Tests.EditMode.RoundSessionTests.Merged_AddsScoreWithMultiplier_AndTracksBestScore" methodname="Merged_AddsScoreWithMultiplier_AndTracksBestScore" classname="MergeWater.Tests.EditMode.RoundSessionTests" runstate="Runnable" seed="905801923" result="Passed" start-time="2026-09-13 07:12:10Z" end-time="2026-09-13 07:12:10Z" duration="0.000759" asserts="0">
                <properties />
              </test-case>
              <test-case id="1303" name="MergeDuringReviving_IsIgnored" fullname="MergeWater.Tests.EditMode.RoundSessionTests.MergeDuringReviving_IsIgnored" methodname="MergeDuringReviving_IsIgnored" classname="MergeWater.Tests.EditMode.RoundSessionTests" runstate="Runnable" seed="202227635" result="Passed" start-time="2026-09-13 07:12:10Z" end-time="2026-09-13 07:12:10Z" duration="0.000386" asserts="0">
                <properties />
              </test-case>
              <test-case id="1300" name="MilestoneReached_IsGrantedOncePerRound" fullname="MergeWater.Tests.EditMode.RoundSessionTests.MilestoneReached_IsGrantedOncePerRound" methodname="MilestoneReached_IsGrantedOncePerRound" classname="MergeWater.Tests.EditMode.RoundSessionTests" runstate="Runnable" seed="102556672" result="Passed" start-time="2026-09-13 07:12:10Z" end-time="2026-09-13 07:12:10Z" duration="0.002949" asserts="0">
                <properties />
              </test-case>
              <test-case id="1301" name="ReleaseDrop_AfterGameOver_IsRejected_AndLateMergesDoNotScore" fullname="MergeWater.Tests.EditMode.RoundSessionTests.ReleaseDrop_AfterGameOver_IsRejected_AndLateMergesDoNotScore" methodname="ReleaseDrop_AfterGameOver_IsRejected_AndLateMergesDoNotScore" classname="MergeWater.Tests.EditMode.RoundSessionTests" runstate="Runnable" seed="691039149" result="Passed" start-time="2026-09-13 07:12:10Z" end-time="2026-09-13 07:12:10Z" duration="0.000972" asserts="0">
                <properties />
              </test-case>
              <test-case id="1290" name="ReleaseDrop_WhenFieldRejects_DoesNotConsumeQueue" fullname="MergeWater.Tests.EditMode.RoundSessionTests.ReleaseDrop_WhenFieldRejects_DoesNotConsumeQueue" methodname="ReleaseDrop_WhenFieldRejects_DoesNotConsumeQueue" classname="MergeWater.Tests.EditMode.RoundSessionTests" runstate="Runnable" seed="84765420" result="Passed" start-time="2026-09-13 07:12:10Z" end-time="2026-09-13 07:12:10Z" duration="0.000870" asserts="0">
                <properties />
              </test-case>
              <test-case id="1289" name="ReleaseDrop_WhilePlaying_UsesQueueTierAndAdvancesQueue" fullname="MergeWater.Tests.EditMode.RoundSessionTests.ReleaseDrop_WhilePlaying_UsesQueueTierAndAdvancesQueue" methodname="ReleaseDrop_WhilePlaying_UsesQueueTierAndAdvancesQueue" classname="MergeWater.Tests.EditMode.RoundSessionTests" runstate="Runnable" seed="222563171" result="Passed" start-time="2026-09-13 07:12:10Z" end-time="2026-09-13 07:12:10Z" duration="0.001135" asserts="0">
                <properties />
              </test-case>
              <test-case id="1299" name="Reviving_RejectsDropAndItemUse" fullname="MergeWater.Tests.EditMode.RoundSessionTests.Reviving_RejectsDropAndItemUse" methodname="Reviving_RejectsDropAndItemUse" classname="MergeWater.Tests.EditMode.RoundSessionTests" runstate="Runnable" seed="1806839377" result="Passed" start-time="2026-09-13 07:12:10Z" end-time="2026-09-13 07:12:10Z" duration="0.000738" asserts="0">
                <properties />
              </test-case>
              <test-case id="1288" name="StartRound_ResetsStateAndEntersReady_ThenFirstDropEntersPlaying" fullname="MergeWater.Tests.EditMode.RoundSessionTests.StartRound_ResetsStateAndEntersReady_ThenFirstDropEntersPlaying" methodname="StartRound_ResetsStateAndEntersReady_ThenFirstDropEntersPlaying" classname="MergeWater.Tests.EditMode.RoundSessionTests" runstate="Runnable" seed="1258190182" result="Passed" start-time="2026-09-13 07:12:10Z" end-time="2026-09-13 07:12:10Z" duration="0.000802" asserts="0">
                <properties />
              </test-case>
            </test-suite>
            <test-suite type="TestFixture" id="1261" name="SaveServiceTests" fullname="MergeWater.Tests.EditMode.SaveServiceTests" classname="MergeWater.Tests.EditMode.SaveServiceTests" runstate="Runnable" testcasecount="7" result="Passed" start-time="2026-09-13 07:12:10Z" end-time="2026-09-13 07:12:10Z" duration="0.008275" total="7" passed="7" failed="0" inconclusive="0" skipped="0" asserts="0">
              <properties />
              <test-case id="1267" name="ClearAll_DeletesFileAndResetsToDefault" fullname="MergeWater.Tests.EditMode.SaveServiceTests.ClearAll_DeletesFileAndResetsToDefault" methodname="ClearAll_DeletesFileAndResetsToDefault" classname="MergeWater.Tests.EditMode.SaveServiceTests" runstate="Runnable" seed="1491982885" result="Passed" start-time="2026-09-13 07:12:10Z" end-time="2026-09-13 07:12:10Z" duration="0.000774" asserts="0">
                <properties />
              </test-case>
              <test-case id="1263" name="Load_CorruptedJson_BacksUpAndReturnsDefault" fullname="MergeWater.Tests.EditMode.SaveServiceTests.Load_CorruptedJson_BacksUpAndReturnsDefault" methodname="Load_CorruptedJson_BacksUpAndReturnsDefault" classname="MergeWater.Tests.EditMode.SaveServiceTests" runstate="Runnable" seed="708348118" result="Passed" start-time="2026-09-13 07:12:10Z" end-time="2026-09-13 07:12:10Z" duration="0.001453" asserts="0">
                <properties />
                <output><![CDATA[[SaveService] 存档 JSON 损坏，已备份并回退默认值：JSON parse error: Missing a name for object member.
]]></output>
              </test-case>
              <test-case id="1265" name="Load_FutureSchema_FallsBackToDefaultAndKeepsBackup" fullname="MergeWater.Tests.EditMode.SaveServiceTests.Load_FutureSchema_FallsBackToDefaultAndKeepsBackup" methodname="Load_FutureSchema_FallsBackToDefaultAndKeepsBackup" classname="MergeWater.Tests.EditMode.SaveServiceTests" runstate="Runnable" seed="1797031635" result="Passed" start-time="2026-09-13 07:12:10Z" end-time="2026-09-13 07:12:10Z" duration="0.001033" asserts="0">
                <properties />
                <output><![CDATA[[SaveService] 存档版本 99 高于当前 2，按默认值处理。
]]></output>
              </test-case>
              <test-case id="1268" name="Load_IgnoresInvalidLeaderboardRecords" fullname="MergeWater.Tests.EditMode.SaveServiceTests.Load_IgnoresInvalidLeaderboardRecords" methodname="Load_IgnoresInvalidLeaderboardRecords" classname="MergeWater.Tests.EditMode.SaveServiceTests" runstate="Runnable" seed="415047388" result="Passed" start-time="2026-09-13 07:12:10Z" end-time="2026-09-13 07:12:10Z" duration="0.000473" asserts="0">
                <properties />
              </test-case>
              <test-case id="1264" name="Load_OldSchema_MigratesAndClampsOutOfRangeValues" fullname="MergeWater.Tests.EditMode.SaveServiceTests.Load_OldSchema_MigratesAndClampsOutOfRangeValues" methodname="Load_OldSchema_MigratesAndClampsOutOfRangeValues" classname="MergeWater.Tests.EditMode.SaveServiceTests" runstate="Runnable" seed="1390308705" result="Passed" start-time="2026-09-13 07:12:10Z" end-time="2026-09-13 07:12:10Z" duration="0.000565" asserts="0">
                <properties />
              </test-case>
              <test-case id="1262" name="Load_WhenNoFile_ReturnsDefaultWithCurrentSchema" fullname="MergeWater.Tests.EditMode.SaveServiceTests.Load_WhenNoFile_ReturnsDefaultWithCurrentSchema" methodname="Load_WhenNoFile_ReturnsDefaultWithCurrentSchema" classname="MergeWater.Tests.EditMode.SaveServiceTests" runstate="Runnable" seed="1632773808" result="Passed" start-time="2026-09-13 07:12:10Z" end-time="2026-09-13 07:12:10Z" duration="0.000593" asserts="0">
                <properties />
              </test-case>
              <test-case id="1266" name="Save_WritesCurrentSchemaVersionAndRoundTrips" fullname="MergeWater.Tests.EditMode.SaveServiceTests.Save_WritesCurrentSchemaVersionAndRoundTrips" methodname="Save_WritesCurrentSchemaVersionAndRoundTrips" classname="MergeWater.Tests.EditMode.SaveServiceTests" runstate="Runnable" seed="1928878257" result="Passed" start-time="2026-09-13 07:12:10Z" end-time="2026-09-13 07:12:10Z" duration="0.000608" asserts="0">
                <properties />
              </test-case>
            </test-suite>
            <test-suite type="TestFixture" id="1185" name="SceneAssetTests" fullname="MergeWater.Tests.EditMode.SceneAssetTests" classname="MergeWater.Tests.EditMode.SceneAssetTests" runstate="Runnable" testcasecount="7" result="Passed" start-time="2026-09-13 07:12:10Z" end-time="2026-09-13 07:12:10Z" duration="0.225253" total="7" passed="7" failed="0" inconclusive="0" skipped="0" asserts="0">
              <properties />
              <test-case id="1189" name="Backdrop_IsBehindEveryWorldElement" fullname="MergeWater.Tests.EditMode.SceneAssetTests.Backdrop_IsBehindEveryWorldElement" methodname="Backdrop_IsBehindEveryWorldElement" classname="MergeWater.Tests.EditMode.SceneAssetTests" runstate="Runnable" seed="1111111774" result="Passed" start-time="2026-09-13 07:12:10Z" end-time="2026-09-13 07:12:10Z" duration="0.033748" asserts="0">
                <properties />
              </test-case>
              <test-case id="1187" name="Bootstrapper_SerializedReferencesAreWired" fullname="MergeWater.Tests.EditMode.SceneAssetTests.Bootstrapper_SerializedReferencesAreWired" methodname="Bootstrapper_SerializedReferencesAreWired" classname="MergeWater.Tests.EditMode.SceneAssetTests" runstate="Runnable" seed="1875658505" result="Passed" start-time="2026-09-13 07:12:10Z" end-time="2026-09-13 07:12:10Z" duration="0.025484" asserts="0">
                <properties />
              </test-case>
              <test-case id="1188" name="HudView_RequiredElementsAreWired" fullname="MergeWater.Tests.EditMode.SceneAssetTests.HudView_RequiredElementsAreWired" methodname="HudView_RequiredElementsAreWired" classname="MergeWater.Tests.EditMode.SceneAssetTests" runstate="Runnable" seed="1859911884" result="Passed" start-time="2026-09-13 07:12:10Z" end-time="2026-09-13 07:12:10Z" duration="0.033966" asserts="0">
                <properties />
              </test-case>
              <test-case id="1186" name="MainScene_ContainsBootstrapperFieldAimCanvasAndPresentation" fullname="MergeWater.Tests.EditMode.SceneAssetTests.MainScene_ContainsBootstrapperFieldAimCanvasAndPresentation" methodname="MainScene_ContainsBootstrapperFieldAimCanvasAndPresentation" classname="MergeWater.Tests.EditMode.SceneAssetTests" runstate="Runnable" seed="715227234" result="Passed" start-time="2026-09-13 07:12:10Z" end-time="2026-09-13 07:12:10Z" duration="0.031061" asserts="0">
                <properties />
              </test-case>
              <test-case id="1190" name="MainScene_HasNoBottomBannerOrCrossPromotionSlots" fullname="MergeWater.Tests.EditMode.SceneAssetTests.MainScene_HasNoBottomBannerOrCrossPromotionSlots" methodname="MainScene_HasNoBottomBannerOrCrossPromotionSlots" classname="MergeWater.Tests.EditMode.SceneAssetTests" runstate="Runnable" seed="1606667035" result="Passed" start-time="2026-09-13 07:12:10Z" end-time="2026-09-13 07:12:10Z" duration="0.028939" asserts="0">
                <properties />
              </test-case>
              <test-case id="1192" name="MainScene_HasNoReferencesToMissingScripts" fullname="MergeWater.Tests.EditMode.SceneAssetTests.MainScene_HasNoReferencesToMissingScripts" methodname="MainScene_HasNoReferencesToMissingScripts" classname="MergeWater.Tests.EditMode.SceneAssetTests" runstate="Runnable" seed="1917022231" result="Passed" start-time="2026-09-13 07:12:10Z" end-time="2026-09-13 07:12:10Z" duration="0.039779" asserts="0">
                <properties />
              </test-case>
              <test-case id="1191" name="MainScene_IsInBuildSettings" fullname="MergeWater.Tests.EditMode.SceneAssetTests.MainScene_IsInBuildSettings" methodname="MainScene_IsInBuildSettings" classname="MergeWater.Tests.EditMode.SceneAssetTests" runstate="Runnable" seed="882789632" result="Passed" start-time="2026-09-13 07:12:10Z" end-time="2026-09-13 07:12:10Z" duration="0.028517" asserts="0">
                <properties />
              </test-case>
            </test-suite>
            <test-suite type="TestFixture" id="1221" name="ScoreRulesTests" fullname="MergeWater.Tests.EditMode.ScoreRulesTests" classname="MergeWater.Tests.EditMode.ScoreRulesTests" runstate="Runnable" testcasecount="6" result="Passed" start-time="2026-09-13 07:12:10Z" end-time="2026-09-13 07:12:10Z" duration="0.006315" total="6" passed="6" failed="0" inconclusive="0" skipped="0" asserts="0">
              <properties />
              <test-case id="1226" name="CanMerge_OutOfRangeLevels_AreFalse" fullname="MergeWater.Tests.EditMode.ScoreRulesTests.CanMerge_OutOfRangeLevels_AreFalse" methodname="CanMerge_OutOfRangeLevels_AreFalse" classname="MergeWater.Tests.EditMode.ScoreRulesTests" runstate="Runnable" seed="1554869310" result="Passed" start-time="2026-09-13 07:12:10Z" end-time="2026-09-13 07:12:10Z" duration="0.000647" asserts="0">
                <properties />
              </test-case>
              <test-case id="1225" name="CanMerge_TopTier_IsFalse" fullname="MergeWater.Tests.EditMode.ScoreRulesTests.CanMerge_TopTier_IsFalse" methodname="CanMerge_TopTier_IsFalse" classname="MergeWater.Tests.EditMode.ScoreRulesTests" runstate="Runnable" seed="310858920" result="Passed" start-time="2026-09-13 07:12:10Z" end-time="2026-09-13 07:12:10Z" duration="0.000341" asserts="0">
                <properties />
              </test-case>
              <test-case id="1227" name="MaxTier_IsTen" fullname="MergeWater.Tests.EditMode.ScoreRulesTests.MaxTier_IsTen" methodname="MaxTier_IsTen" classname="MergeWater.Tests.EditMode.ScoreRulesTests" runstate="Runnable" seed="1491852939" result="Passed" start-time="2026-09-13 07:12:10Z" end-time="2026-09-13 07:12:10Z" duration="0.000367" asserts="0">
                <properties />
              </test-case>
              <test-case id="1222" name="ScoreFor_AppliesMultiplierAndRounds" fullname="MergeWater.Tests.EditMode.ScoreRulesTests.ScoreFor_AppliesMultiplierAndRounds" methodname="ScoreFor_AppliesMultiplierAndRounds" classname="MergeWater.Tests.EditMode.ScoreRulesTests" runstate="Runnable" seed="1818650127" result="Passed" start-time="2026-09-13 07:12:10Z" end-time="2026-09-13 07:12:10Z" duration="0.000388" asserts="0">
                <properties />
              </test-case>
              <test-case id="1224" name="ScoreFor_NonPositiveMultiplier_FallsBackToOne" fullname="MergeWater.Tests.EditMode.ScoreRulesTests.ScoreFor_NonPositiveMultiplier_FallsBackToOne" methodname="ScoreFor_NonPositiveMultiplier_FallsBackToOne" classname="MergeWater.Tests.EditMode.ScoreRulesTests" runstate="Runnable" seed="1426273600" result="Passed" start-time="2026-09-13 07:12:10Z" end-time="2026-09-13 07:12:10Z" duration="0.000267" asserts="0">
                <properties />
              </test-case>
              <test-case id="1223" name="ScoreFor_UnknownLevel_ReturnsZero" fullname="MergeWater.Tests.EditMode.ScoreRulesTests.ScoreFor_UnknownLevel_ReturnsZero" methodname="ScoreFor_UnknownLevel_ReturnsZero" classname="MergeWater.Tests.EditMode.ScoreRulesTests" runstate="Runnable" seed="1153233806" result="Passed" start-time="2026-09-13 07:12:10Z" end-time="2026-09-13 07:12:10Z" duration="0.000423" asserts="0">
                <properties />
              </test-case>
            </test-suite>
            <test-suite type="TestFixture" id="1228" name="StageProgressTests" fullname="MergeWater.Tests.EditMode.StageProgressTests" classname="MergeWater.Tests.EditMode.StageProgressTests" runstate="Runnable" testcasecount="6" result="Passed" start-time="2026-09-13 07:12:10Z" end-time="2026-09-13 07:12:10Z" duration="0.005181" total="6" passed="6" failed="0" inconclusive="0" skipped="0" asserts="0">
              <properties />
              <test-case id="1230" name="Advance_BelowFirstMilestone_ReturnsNothing" fullname="MergeWater.Tests.EditMode.StageProgressTests.Advance_BelowFirstMilestone_ReturnsNothing" methodname="Advance_BelowFirstMilestone_ReturnsNothing" classname="MergeWater.Tests.EditMode.StageProgressTests" runstate="Runnable" seed="777078621" result="Passed" start-time="2026-09-13 07:12:10Z" end-time="2026-09-13 07:12:10Z" duration="0.000533" asserts="0">
                <properties />
              </test-case>
              <test-case id="1229" name="Advance_CrossingMultipleMilestones_ReturnsEachOnce" fullname="MergeWater.Tests.EditMode.StageProgressTests.Advance_CrossingMultipleMilestones_ReturnsEachOnce" methodname="Advance_CrossingMultipleMilestones_ReturnsEachOnce" classname="MergeWater.Tests.EditMode.StageProgressTests" runstate="Runnable" seed="569471864" result="Passed" start-time="2026-09-13 07:12:10Z" end-time="2026-09-13 07:12:10Z" duration="0.000453" asserts="0">
                <properties />
              </test-case>
              <test-case id="1234" name="Constructor_WithNullBalance_YieldsEmptyMilestones" fullname="MergeWater.Tests.EditMode.StageProgressTests.Constructor_WithNullBalance_YieldsEmptyMilestones" methodname="Constructor_WithNullBalance_YieldsEmptyMilestones" classname="MergeWater.Tests.EditMode.StageProgressTests" runstate="Runnable" seed="757005964" result="Passed" start-time="2026-09-13 07:12:10Z" end-time="2026-09-13 07:12:10Z" duration="0.000464" asserts="0">
                <properties />
              </test-case>
              <test-case id="1233" name="GetNormalizedProgress_IsZeroAtStart_OneWhenAllReached" fullname="MergeWater.Tests.EditMode.StageProgressTests.GetNormalizedProgress_IsZeroAtStart_OneWhenAllReached" methodname="GetNormalizedProgress_IsZeroAtStart_OneWhenAllReached" classname="MergeWater.Tests.EditMode.StageProgressTests" runstate="Runnable" seed="66381639" result="Passed" start-time="2026-09-13 07:12:10Z" end-time="2026-09-13 07:12:10Z" duration="0.000574" asserts="0">
                <properties />
              </test-case>
              <test-case id="1231" name="Reset_AllowsMilestonesToBeGrantedAgainInNextRound" fullname="MergeWater.Tests.EditMode.StageProgressTests.Reset_AllowsMilestonesToBeGrantedAgainInNextRound" methodname="Reset_AllowsMilestonesToBeGrantedAgainInNextRound" classname="MergeWater.Tests.EditMode.StageProgressTests" runstate="Runnable" seed="210457058" result="Passed" start-time="2026-09-13 07:12:10Z" end-time="2026-09-13 07:12:10Z" duration="0.000282" asserts="0">
                <properties />
              </test-case>
              <test-case id="1232" name="TryGetNext_TracksRemainingMilestones" fullname="MergeWater.Tests.EditMode.StageProgressTests.TryGetNext_TracksRemainingMilestones" methodname="TryGetNext_TracksRemainingMilestones" classname="MergeWater.Tests.EditMode.StageProgressTests" runstate="Runnable" seed="2126400770" result="Passed" start-time="2026-09-13 07:12:10Z" end-time="2026-09-13 07:12:10Z" duration="0.000369" asserts="0">
                <properties />
              </test-case>
            </test-suite>
            <test-suite type="TestFixture" id="1280" name="TMPFontAssetTests" fullname="MergeWater.Tests.EditMode.TMPFontAssetTests" classname="MergeWater.Tests.EditMode.TMPFontAssetTests" runstate="Runnable" testcasecount="3" result="Passed" start-time="2026-09-13 07:12:10Z" end-time="2026-09-13 07:12:10Z" duration="0.056905" total="3" passed="3" failed="0" inconclusive="0" skipped="0" asserts="0">
              <properties />
              <test-case id="1282" name="BundledFont_CoversRequiredTexts_AndPrintablePunctuation" fullname="MergeWater.Tests.EditMode.TMPFontAssetTests.BundledFont_CoversRequiredTexts_AndPrintablePunctuation" methodname="BundledFont_CoversRequiredTexts_AndPrintablePunctuation" classname="MergeWater.Tests.EditMode.TMPFontAssetTests" runstate="Runnable" seed="40956874" result="Passed" start-time="2026-09-13 07:12:10Z" end-time="2026-09-13 07:12:10Z" duration="0.010902" asserts="0">
                <properties />
              </test-case>
              <test-case id="1281" name="BundledFont_Exists_IsStatic_AndSingleAtlas" fullname="MergeWater.Tests.EditMode.TMPFontAssetTests.BundledFont_Exists_IsStatic_AndSingleAtlas" methodname="BundledFont_Exists_IsStatic_AndSingleAtlas" classname="MergeWater.Tests.EditMode.TMPFontAssetTests" runstate="Runnable" seed="1171236750" result="Passed" start-time="2026-09-13 07:12:10Z" end-time="2026-09-13 07:12:10Z" duration="0.003266" asserts="0">
                <properties />
              </test-case>
              <test-case id="1283" name="EveryTmpText_InMainScene_UsesBundledFont_WithNoDanglingMaterial" fullname="MergeWater.Tests.EditMode.TMPFontAssetTests.EveryTmpText_InMainScene_UsesBundledFont_WithNoDanglingMaterial" methodname="EveryTmpText_InMainScene_UsesBundledFont_WithNoDanglingMaterial" classname="MergeWater.Tests.EditMode.TMPFontAssetTests" runstate="Runnable" seed="1780630664" result="Passed" start-time="2026-09-13 07:12:10Z" end-time="2026-09-13 07:12:10Z" duration="0.040790" asserts="0">
                <properties />
              </test-case>
            </test-suite>
            <test-suite type="TestFixture" id="1284" name="UiArtSlicingTests" fullname="MergeWater.Tests.EditMode.UiArtSlicingTests" classname="MergeWater.Tests.EditMode.UiArtSlicingTests" runstate="Runnable" testcasecount="2" result="Passed" start-time="2026-09-13 07:12:10Z" end-time="2026-09-13 07:12:11Z" duration="0.059158" total="2" passed="2" failed="0" inconclusive="0" skipped="0" asserts="0">
              <properties />
              <test-case id="1285" name="ArtWithNineSliceBorder_IsImportedAtCanvasReferencePixelsPerUnit" fullname="MergeWater.Tests.EditMode.UiArtSlicingTests.ArtWithNineSliceBorder_IsImportedAtCanvasReferencePixelsPerUnit" methodname="ArtWithNineSliceBorder_IsImportedAtCanvasReferencePixelsPerUnit" classname="MergeWater.Tests.EditMode.UiArtSlicingTests" runstate="Runnable" seed="827876140" result="Passed" start-time="2026-09-13 07:12:10Z" end-time="2026-09-13 07:12:10Z" duration="0.026285" asserts="0">
                <properties />
              </test-case>
              <test-case id="1286" name="SceneSlicedImages_DoNotClampTheirBordersIntoTheWholeRect" fullname="MergeWater.Tests.EditMode.UiArtSlicingTests.SceneSlicedImages_DoNotClampTheirBordersIntoTheWholeRect" methodname="SceneSlicedImages_DoNotClampTheirBordersIntoTheWholeRect" classname="MergeWater.Tests.EditMode.UiArtSlicingTests" runstate="Runnable" seed="1726324988" result="Passed" start-time="2026-09-13 07:12:10Z" end-time="2026-09-13 07:12:11Z" duration="0.029402" asserts="0">
                <properties />
              </test-case>
            </test-suite>
          </test-suite>
        </test-suite>
      </test-suite>
    </test-suite>
  </test-suite>
</test-run>